2025-11-07 00:23:13.400 | INFO     | __main__:main:187 - ============================================================
2025-11-07 00:23:13.401 | INFO     | __main__:main:188 - CSV TO POSTGRESQL DATA LOADER
2025-11-07 00:23:13.401 | INFO     | __main__:main:189 - ============================================================
2025-11-07 00:23:13.402 | INFO     | __main__:main:199 - [1/4] TRUNCATING EXISTING DATA
2025-11-07 00:23:14.452 | ERROR    | src.utils.db_connector:get_connection:54 - ✗ Database connection failed: could not translate host name "ecommerce-postgres" to address: Name or service not known

2025-11-07 00:23:14.453 | ERROR    | src.utils.db_connector:truncate_table:223 - ✗ Truncate failed: could not translate host name "ecommerce-postgres" to address: Name or service not known

2025-11-07 00:23:14.455 | ERROR    | __main__:main:259 - ✗ Data load failed: could not translate host name "ecommerce-postgres" to address: Name or service not known

2025-11-07 00:23:15.010 | INFO     | __main__:main:216 - ============================================================
2025-11-07 00:23:15.011 | INFO     | __main__:main:217 - REFRESH AGGREGATIONS
2025-11-07 00:23:15.012 | INFO     | __main__:main:218 - ============================================================
2025-11-07 00:23:15.013 | INFO     | __main__:refresh_customer_summary:36 - ⏳ Refreshing customer_summary...
2025-11-07 00:23:16.044 | ERROR    | src.utils.db_connector:get_connection:54 - ✗ Database connection failed: could not translate host name "ecommerce-postgres" to address: Name or service not known

2025-11-07 00:23:16.045 | ERROR    | __main__:refresh_customer_summary:75 - ✗ customer_summary failed: could not translate host name "ecommerce-postgres" to address: Name or service not known

2025-11-07 00:23:16.048 | ERROR    | __main__:main:247 - ✗ Refresh failed: could not translate host name "ecommerce-postgres" to address: Name or service not known

2025-11-07 00:23:16.653 | INFO     | __main__:main:275 - ============================================================
2025-11-07 00:23:16.654 | INFO     | __main__:main:276 - DATA VALIDATION
2025-11-07 00:23:16.655 | INFO     | __main__:main:277 - ============================================================
2025-11-07 00:23:16.656 | INFO     | __main__:validate_required_fields:42 - 🔍 Validating required fields...
2025-11-07 00:23:17.679 | ERROR    | src.utils.db_connector:get_connection:54 - ✗ Database connection failed: could not translate host name "ecommerce-postgres" to address: Name or service not known

2025-11-07 00:23:17.680 | ERROR    | __main__:validate_required_fields:97 - ✗ Required field validation failed: could not translate host name "ecommerce-postgres" to address: Name or service not known

2025-11-07 00:23:17.694 | ERROR    | __main__:main:310 - ✗ Critical error: could not translate host name "ecommerce-postgres" to address: Name or service not known

2025-11-07 00:23:56.287 | INFO     | __main__:main:187 - ============================================================
2025-11-07 00:23:56.287 | INFO     | __main__:main:188 - CSV TO POSTGRESQL DATA LOADER
2025-11-07 00:23:56.287 | INFO     | __main__:main:189 - ============================================================
2025-11-07 00:23:56.289 | INFO     | __main__:main:199 - [1/4] TRUNCATING EXISTING DATA
2025-11-07 00:23:57.312 | ERROR    | src.utils.db_connector:get_connection:54 - ✗ Database connection failed: could not translate host name "ecommerce-postgres" to address: Name or service not known

2025-11-07 00:23:57.313 | ERROR    | src.utils.db_connector:truncate_table:223 - ✗ Truncate failed: could not translate host name "ecommerce-postgres" to address: Name or service not known

2025-11-07 00:23:57.314 | ERROR    | __main__:main:259 - ✗ Data load failed: could not translate host name "ecommerce-postgres" to address: Name or service not known

2025-11-07 00:23:57.762 | INFO     | __main__:main:216 - ============================================================
2025-11-07 00:23:57.763 | INFO     | __main__:main:217 - REFRESH AGGREGATIONS
2025-11-07 00:23:57.763 | INFO     | __main__:main:218 - ============================================================
2025-11-07 00:23:57.764 | INFO     | __main__:refresh_customer_summary:36 - ⏳ Refreshing customer_summary...
2025-11-07 00:23:58.779 | ERROR    | src.utils.db_connector:get_connection:54 - ✗ Database connection failed: could not translate host name "ecommerce-postgres" to address: Name or service not known

2025-11-07 00:23:58.780 | ERROR    | __main__:refresh_customer_summary:75 - ✗ customer_summary failed: could not translate host name "ecommerce-postgres" to address: Name or service not known

2025-11-07 00:23:58.781 | ERROR    | __main__:main:247 - ✗ Refresh failed: could not translate host name "ecommerce-postgres" to address: Name or service not known

2025-11-07 00:23:59.127 | INFO     | __main__:main:275 - ============================================================
2025-11-07 00:23:59.128 | INFO     | __main__:main:276 - DATA VALIDATION
2025-11-07 00:23:59.128 | INFO     | __main__:main:277 - ============================================================
2025-11-07 00:23:59.129 | INFO     | __main__:validate_required_fields:42 - 🔍 Validating required fields...
2025-11-07 00:24:00.151 | ERROR    | src.utils.db_connector:get_connection:54 - ✗ Database connection failed: could not translate host name "ecommerce-postgres" to address: Name or service not known

2025-11-07 00:24:00.152 | ERROR    | __main__:validate_required_fields:97 - ✗ Required field validation failed: could not translate host name "ecommerce-postgres" to address: Name or service not known

2025-11-07 00:24:00.152 | ERROR    | __main__:main:310 - ✗ Critical error: could not translate host name "ecommerce-postgres" to address: Name or service not known

2025-11-07 00:27:08.158 | INFO     | __main__:main:187 - ============================================================
2025-11-07 00:27:08.159 | INFO     | __main__:main:188 - CSV TO POSTGRESQL DATA LOADER
2025-11-07 00:27:08.159 | INFO     | __main__:main:189 - ============================================================
2025-11-07 00:27:08.161 | INFO     | __main__:main:199 - [1/4] TRUNCATING EXISTING DATA
2025-11-07 00:27:08.239 | INFO     | src.utils.db_connector:get_connection:49 - ✓ Connected to ecommerce_db@localhost
2025-11-07 00:27:08.330 | INFO     | src.utils.db_connector:truncate_table:219 - ✓ Truncated orders
2025-11-07 00:27:08.363 | INFO     | src.utils.db_connector:get_connection:49 - ✓ Connected to ecommerce_db@localhost
2025-11-07 00:27:08.447 | INFO     | src.utils.db_connector:truncate_table:219 - ✓ Truncated products
2025-11-07 00:27:08.478 | INFO     | src.utils.db_connector:get_connection:49 - ✓ Connected to ecommerce_db@localhost
2025-11-07 00:27:08.574 | INFO     | src.utils.db_connector:truncate_table:219 - ✓ Truncated customers
2025-11-07 00:27:08.575 | INFO     | __main__:main:207 - [2/4] LOADING CUSTOMERS
2025-11-07 00:27:08.577 | INFO     | __main__:load_csv_to_table:68 - 📂 Reading CSV file: C:\projects\ecommerce-data-pipeline\data\raw\customers.csv
2025-11-07 00:27:08.663 | INFO     | __main__:load_csv_to_table:73 - ✓ Loaded 10,000 rows from CSV
2025-11-07 00:27:08.695 | INFO     | src.utils.db_connector:get_connection:49 - ✓ Connected to ecommerce_db@localhost
2025-11-07 00:27:08.696 | INFO     | __main__:load_csv_to_table:90 - → Inserting data in batches of 1000...
2025-11-07 00:27:17.880 | INFO     | __main__:load_csv_to_table:103 - → Inserted 5,000 / 10,000 rows (50.0%)
2025-11-07 00:27:28.409 | INFO     | __main__:load_csv_to_table:103 - → Inserted 10,000 / 10,000 rows (100.0%)
2025-11-07 00:27:28.411 | INFO     | __main__:load_csv_to_table:111 - ✓ Successfully loaded 10,000 rows into customers
2025-11-07 00:27:28.413 | INFO     | __main__:main:215 - [3/4] LOADING PRODUCTS
2025-11-07 00:27:28.414 | INFO     | __main__:load_csv_to_table:68 - 📂 Reading CSV file: C:\projects\ecommerce-data-pipeline\data\raw\products.csv
2025-11-07 00:27:28.435 | INFO     | __main__:load_csv_to_table:73 - ✓ Loaded 495 rows from CSV
2025-11-07 00:27:28.475 | INFO     | src.utils.db_connector:get_connection:49 - ✓ Connected to ecommerce_db@localhost
2025-11-07 00:27:28.476 | INFO     | __main__:load_csv_to_table:90 - → Inserting data in batches of 1000...
2025-11-07 00:27:29.414 | INFO     | __main__:load_csv_to_table:103 - → Inserted 495 / 495 rows (100.0%)
2025-11-07 00:27:29.416 | INFO     | __main__:load_csv_to_table:111 - ✓ Successfully loaded 495 rows into products
2025-11-07 00:27:29.417 | INFO     | __main__:main:223 - [4/4] LOADING ORDERS
2025-11-07 00:27:29.419 | INFO     | __main__:load_csv_to_table:68 - 📂 Reading CSV file: C:\projects\ecommerce-data-pipeline\data\raw\orders.csv
2025-11-07 00:27:29.553 | INFO     | __main__:load_csv_to_table:73 - ✓ Loaded 50,000 rows from CSV
2025-11-07 00:27:29.590 | INFO     | src.utils.db_connector:get_connection:49 - ✓ Connected to ecommerce_db@localhost
2025-11-07 00:27:29.591 | INFO     | __main__:load_csv_to_table:90 - → Inserting data in batches of 1000...
2025-11-07 00:27:40.678 | INFO     | __main__:load_csv_to_table:103 - → Inserted 5,000 / 50,000 rows (10.0%)
2025-11-07 00:27:50.802 | INFO     | __main__:load_csv_to_table:103 - → Inserted 10,000 / 50,000 rows (20.0%)
2025-11-07 00:28:02.080 | INFO     | __main__:load_csv_to_table:103 - → Inserted 15,000 / 50,000 rows (30.0%)
2025-11-07 00:28:14.732 | INFO     | __main__:load_csv_to_table:103 - → Inserted 20,000 / 50,000 rows (40.0%)
2025-11-07 00:28:26.168 | INFO     | __main__:load_csv_to_table:103 - → Inserted 25,000 / 50,000 rows (50.0%)
2025-11-07 00:28:36.905 | INFO     | __main__:load_csv_to_table:103 - → Inserted 30,000 / 50,000 rows (60.0%)
2025-11-07 00:28:47.970 | INFO     | __main__:load_csv_to_table:103 - → Inserted 35,000 / 50,000 rows (70.0%)
2025-11-07 00:28:58.476 | INFO     | __main__:load_csv_to_table:103 - → Inserted 40,000 / 50,000 rows (80.0%)
2025-11-07 00:29:10.313 | INFO     | __main__:load_csv_to_table:103 - → Inserted 45,000 / 50,000 rows (90.0%)
2025-11-07 00:29:21.524 | INFO     | __main__:load_csv_to_table:103 - → Inserted 50,000 / 50,000 rows (100.0%)
2025-11-07 00:29:21.525 | INFO     | __main__:load_csv_to_table:111 - ✓ Successfully loaded 50,000 rows into orders
2025-11-07 00:29:21.527 | INFO     | __main__:verify_data_load:126 - ============================================================
2025-11-07 00:29:21.528 | INFO     | __main__:verify_data_load:127 - DATA VERIFICATION
2025-11-07 00:29:21.563 | INFO     | src.utils.db_connector:get_connection:49 - ✓ Connected to ecommerce_db@localhost
2025-11-07 00:29:21.579 | INFO     | __main__:verify_data_load:135 - customers       : 10,000 rows
2025-11-07 00:29:21.619 | INFO     | src.utils.db_connector:get_connection:49 - ✓ Connected to ecommerce_db@localhost
2025-11-07 00:29:21.626 | INFO     | __main__:verify_data_load:135 - products        : 495 rows
2025-11-07 00:29:21.671 | INFO     | src.utils.db_connector:get_connection:49 - ✓ Connected to ecommerce_db@localhost
2025-11-07 00:29:21.685 | INFO     | __main__:verify_data_load:135 - orders          : 50,000 rows
2025-11-07 00:29:21.687 | INFO     | __main__:verify_data_load:139 - 🔗 Checking foreign key relationships...
2025-11-07 00:29:21.726 | INFO     | src.utils.db_connector:get_connection:49 - ✓ Connected to ecommerce_db@localhost
2025-11-07 00:29:21.766 | INFO     | __main__:verify_data_load:163 - ✓ All foreign key relationships are valid
2025-11-07 00:29:21.803 | INFO     | src.utils.db_connector:get_connection:49 - ✓ Connected to ecommerce_db@localhost
2025-11-07 00:29:21.852 | INFO     | src.utils.db_connector:get_connection:49 - ✓ Connected to ecommerce_db@localhost
2025-11-07 00:29:21.891 | INFO     | src.utils.db_connector:get_connection:49 - ✓ Connected to ecommerce_db@localhost
2025-11-07 00:29:21.903 | INFO     | __main__:main:240 - ============================================================
2025-11-07 00:29:21.905 | INFO     | __main__:main:241 - ✓ DATA LOAD COMPLETE!
2025-11-07 00:29:21.905 | INFO     | __main__:main:242 - ============================================================
2025-11-07 00:29:21.906 | INFO     | __main__:main:243 - End time: 2025-11-07 00:29:21
2025-11-07 00:29:21.906 | INFO     | __main__:main:244 - Duration: 133.61 seconds
2025-11-07 00:29:21.907 | INFO     | __main__:main:245 - Records loaded: 60,495
2025-11-07 00:29:22.570 | INFO     | __main__:main:216 - ============================================================
2025-11-07 00:29:22.571 | INFO     | __main__:main:217 - REFRESH AGGREGATIONS
2025-11-07 00:29:22.572 | INFO     | __main__:main:218 - ============================================================
2025-11-07 00:29:22.573 | INFO     | __main__:refresh_customer_summary:36 - ⏳ Refreshing customer_summary...
2025-11-07 00:29:22.617 | INFO     | src.utils.db_connector:get_connection:49 - ✓ Connected to ecommerce_db@localhost
2025-11-07 00:29:22.669 | ERROR    | __main__:refresh_customer_summary:75 - ✗ customer_summary failed: column c.customer_name does not exist
LINE 7:             c.customer_name,
                    ^

2025-11-07 00:29:22.670 | ERROR    | __main__:main:247 - ✗ Refresh failed: column c.customer_name does not exist
LINE 7:             c.customer_name,
                    ^

2025-11-07 00:29:23.152 | INFO     | __main__:main:275 - ============================================================
2025-11-07 00:29:23.153 | INFO     | __main__:main:276 - DATA VALIDATION
2025-11-07 00:29:23.153 | INFO     | __main__:main:277 - ============================================================
2025-11-07 00:29:23.154 | INFO     | __main__:validate_required_fields:42 - 🔍 Validating required fields...
2025-11-07 00:29:23.190 | INFO     | src.utils.db_connector:get_connection:49 - ✓ Connected to ecommerce_db@localhost
2025-11-07 00:29:23.212 | INFO     | __main__:validate_required_fields:91 - ✓ All required fields are populated
2025-11-07 00:29:23.213 | INFO     | __main__:validate_data_types:104 - 📝 Validating data types...
2025-11-07 00:29:23.244 | INFO     | src.utils.db_connector:get_connection:49 - ✓ Connected to ecommerce_db@localhost
2025-11-07 00:29:23.262 | INFO     | __main__:validate_data_types:144 - ✓ All data types are valid
2025-11-07 00:29:23.264 | INFO     | __main__:validate_foreign_keys:157 - 🔗 Validating foreign keys...
2025-11-07 00:29:23.293 | INFO     | src.utils.db_connector:get_connection:49 - ✓ Connected to ecommerce_db@localhost
2025-11-07 00:29:23.338 | INFO     | __main__:validate_foreign_keys:196 - ✓ All foreign keys are valid
2025-11-07 00:29:23.340 | INFO     | __main__:validate_uniqueness:209 - 🔑 Validating uniqueness...
2025-11-07 00:29:23.363 | INFO     | src.utils.db_connector:get_connection:49 - ✓ Connected to ecommerce_db@localhost
2025-11-07 00:29:23.423 | INFO     | __main__:validate_uniqueness:262 - ✓ All uniqueness constraints satisfied
2025-11-07 00:29:23.424 | INFO     | __main__:main:293 - ============================================================
2025-11-07 00:29:23.424 | INFO     | __main__:main:295 - ✓ ALL VALIDATIONS PASSED
2025-11-07 00:29:23.425 | INFO     | __main__:main:303 - ============================================================
2025-11-07 00:32:54.602 | INFO     | __main__:main:261 - ============================================================
2025-11-07 00:32:54.602 | INFO     | __main__:main:262 - REFRESH AGGREGATIONS
2025-11-07 00:32:54.603 | INFO     | __main__:main:263 - Started: 2025-11-07 00:32:54
2025-11-07 00:32:54.603 | INFO     | __main__:main:264 - ============================================================
2025-11-07 00:32:54.603 | INFO     | __main__:refresh_customer_summary:41 - ⏳ Refreshing customer_summary...
2025-11-07 00:32:54.646 | INFO     | src.utils.db_connector:get_connection:49 - ✓ Connected to ecommerce_db@localhost
2025-11-07 00:32:54.958 | INFO     | __main__:refresh_customer_summary:84 - ✓ Refreshed customer_summary: 10000 records
2025-11-07 00:32:54.959 | INFO     | __main__:refresh_product_summary:102 - ⏳ Refreshing product_summary...
2025-11-07 00:32:54.992 | INFO     | src.utils.db_connector:get_connection:49 - ✓ Connected to ecommerce_db@localhost
2025-11-07 00:32:55.090 | INFO     | __main__:refresh_product_summary:139 - ✓ Refreshed product_summary: 495 records
2025-11-07 00:32:55.091 | INFO     | __main__:refresh_daily_sales_summary:157 - ⏳ Refreshing daily_sales_summary...
2025-11-07 00:32:55.118 | INFO     | src.utils.db_connector:get_connection:49 - ✓ Connected to ecommerce_db@localhost
2025-11-07 00:32:55.217 | INFO     | __main__:refresh_daily_sales_summary:186 - ✓ Refreshed daily_sales_summary: 181 records
2025-11-07 00:32:55.219 | INFO     | __main__:refresh_monthly_sales_summary:204 - ⏳ Refreshing monthly_sales_summary...
2025-11-07 00:32:55.244 | INFO     | src.utils.db_connector:get_connection:49 - ✓ Connected to ecommerce_db@localhost
2025-11-07 00:32:55.345 | INFO     | __main__:refresh_monthly_sales_summary:243 - ✓ Refreshed monthly_sales_summary: 7 records
2025-11-07 00:32:55.346 | INFO     | __main__:main:277 - ============================================================
2025-11-07 00:32:55.347 | INFO     | __main__:main:278 - ✓ ALL AGGREGATIONS REFRESHED SUCCESSFULLY
2025-11-07 00:32:55.348 | INFO     | __main__:main:279 - ============================================================
2025-11-07 00:32:56.710 | INFO     | __main__:__init__:51 - ✓ Anomaly detector initialized
2025-11-07 00:32:56.711 | INFO     | __main__:run_all_detections:343 - ============================================================
2025-11-07 00:32:56.711 | INFO     | __main__:run_all_detections:344 - ANOMALY DETECTION
2025-11-07 00:32:56.712 | INFO     | __main__:run_all_detections:345 - Started: 2025-11-07 00:32:56
2025-11-07 00:32:56.712 | INFO     | __main__:run_all_detections:346 - ============================================================
2025-11-07 00:32:56.713 | INFO     | __main__:detect_order_amount_anomalies:86 - 💰 ORDER AMOUNT ANOMALIES
2025-11-07 00:32:56.747 | INFO     | src.utils.db_connector:get_connection:49 - ✓ Connected to ecommerce_db@localhost
2025-11-07 00:32:57.288 | INFO     | __main__:z_score_outliers:75 - ✓ Z-score analysis: 914 outliers found (threshold=3.0)
2025-11-07 00:32:57.288 | INFO     | __main__:detect_order_amount_anomalies:108 -  Found 914 unusual order amounts (Z-score > 3.0)
2025-11-07 00:32:57.300 | INFO     | __main__:detect_order_amount_anomalies:115 -   Order 40853: ₹730,392.50 (Z-score: 10.23)
2025-11-07 00:32:57.302 | INFO     | __main__:detect_order_amount_anomalies:115 -   Order 35643: ₹722,692.35 (Z-score: 10.11)
2025-11-07 00:32:57.303 | INFO     | __main__:detect_order_amount_anomalies:115 -   Order 45281: ₹687,899.70 (Z-score: 9.60)
2025-11-07 00:32:57.304 | INFO     | __main__:detect_order_amount_anomalies:115 -   Order 50263: ₹687,899.70 (Z-score: 9.60)
2025-11-07 00:32:57.306 | INFO     | __main__:detect_order_amount_anomalies:115 -   Order 4347: ₹676,144.60 (Z-score: 9.43)
2025-11-07 00:32:57.308 | INFO     | __main__:detect_quantity_anomalies:135 - 📦 ORDER QUANTITY ANOMALIES
2025-11-07 00:32:57.351 | INFO     | src.utils.db_connector:get_connection:49 - ✓ Connected to ecommerce_db@localhost
2025-11-07 00:32:57.506 | INFO     | __main__:detect_quantity_anomalies:173 -  ✓ No unusual quantities detected
2025-11-07 00:32:57.510 | INFO     | __main__:detect_customer_spending_anomalies:183 - 👤 CUSTOMER SPENDING ANOMALIES
2025-11-07 00:32:57.535 | INFO     | src.utils.db_connector:get_connection:49 - ✓ Connected to ecommerce_db@localhost
2025-11-07 00:32:57.734 | INFO     | __main__:z_score_outliers:75 - ✓ Z-score analysis: 341 outliers found (threshold=2.5)
2025-11-07 00:32:57.734 | INFO     | __main__:detect_customer_spending_anomalies:198 -  Found 341 customers with unusual spending (Z-score > 2.5)
2025-11-07 00:32:57.739 | INFO     | __main__:detect_customer_spending_anomalies:207 -   Charan Jani: ₹1,512,715.49 (13 orders, Z-score: 7.07)
2025-11-07 00:32:57.741 | INFO     | __main__:detect_customer_spending_anomalies:207 -   Azaan Som: ₹1,479,261.74 (9 orders, Z-score: 6.89)
2025-11-07 00:32:57.743 | INFO     | __main__:detect_customer_spending_anomalies:207 -   Anthony Thaman: ₹1,448,829.35 (14 orders, Z-score: 6.74)
2025-11-07 00:32:57.744 | INFO     | __main__:detect_customer_spending_anomalies:207 -   Advika Murty: ₹1,394,654.21 (17 orders, Z-score: 6.46)
2025-11-07 00:32:57.745 | INFO     | __main__:detect_customer_spending_anomalies:207 -   Ekaraj Bath: ₹1,385,886.24 (16 orders, Z-score: 6.41)
2025-11-07 00:32:57.749 | INFO     | __main__:detect_daily_sales_anomalies:227 - 📊 DAILY SALES ANOMALIES
2025-11-07 00:32:57.788 | INFO     | src.utils.db_connector:get_connection:49 - ✓ Connected to ecommerce_db@localhost
2025-11-07 00:32:57.808 | INFO     | __main__:z_score_outliers:75 - ✓ Z-score analysis: 8 outliers found (threshold=2.0)
2025-11-07 00:32:57.809 | INFO     | __main__:detect_daily_sales_anomalies:247 -  Found 8 days with unusual sales (Z-score > 2.0)
2025-11-07 00:32:57.813 | INFO     | __main__:detect_daily_sales_anomalies:255 -   2025-08-02: ₹11,616,410.70 (231 orders, Z-score: 3.33)
2025-11-07 00:32:57.814 | INFO     | __main__:detect_daily_sales_anomalies:255 -   2025-10-15: ₹10,522,840.28 (223 orders, Z-score: 2.28)
2025-11-07 00:32:57.816 | INFO     | __main__:detect_daily_sales_anomalies:255 -   2025-09-09: ₹10,518,096.50 (236 orders, Z-score: 2.28)
2025-11-07 00:32:57.817 | INFO     | __main__:detect_daily_sales_anomalies:255 -   2025-05-14: ₹10,384,455.60 (209 orders, Z-score: 2.15)
2025-11-07 00:32:57.819 | INFO     | __main__:detect_daily_sales_anomalies:255 -   2025-09-22: ₹6,024,825.47 (210 orders, Z-score: 2.02)
2025-11-07 00:32:57.821 | INFO     | __main__:detect_business_rule_violations:275 - ⚠️ BUSINESS RULE VIOLATIONS
2025-11-07 00:32:57.852 | INFO     | src.utils.db_connector:get_connection:49 - ✓ Connected to ecommerce_db@localhost
2025-11-07 00:32:57.863 | WARNING  | __main__:detect_business_rule_violations:294 - ⚠️ 1362 orders exceed ₹2 Lakh (potential review needed)
2025-11-07 00:32:57.869 | INFO     | __main__:detect_business_rule_violations:322 -  ✓ No zero-revenue orders
2025-11-07 00:32:57.870 | INFO     | __main__:run_all_detections:361 - ============================================================
2025-11-07 00:32:57.871 | INFO     | __main__:run_all_detections:362 - ANOMALY SUMMARY
2025-11-07 00:32:57.871 | INFO     | __main__:run_all_detections:363 - ------------------------------------------------------------
2025-11-07 00:32:57.872 | INFO     | __main__:run_all_detections:370 - Total anomaly types detected: 4
2025-11-07 00:32:57.873 | INFO     | __main__:run_all_detections:376 - • Order Amount Outliers: 914 instances (INFO)
2025-11-07 00:32:57.874 | INFO     | __main__:run_all_detections:376 - • High-Value Customers: 341 instances (INFO)
2025-11-07 00:32:57.874 | INFO     | __main__:run_all_detections:376 - • Daily Sales Spikes: 8 instances (INFO)
2025-11-07 00:32:57.875 | INFO     | __main__:run_all_detections:376 - • Business Rule Violations: 1 instances (WARNING)
2025-11-07 00:32:57.876 | INFO     | __main__:run_all_detections:382 - ============================================================
2025-11-07 00:32:59.372 | INFO     | __main__:main:419 - ============================================================
2025-11-07 00:32:59.373 | INFO     | __main__:main:420 - QUALITY REPORT GENERATION
2025-11-07 00:32:59.374 | INFO     | __main__:main:421 - ============================================================
2025-11-07 00:32:59.375 | INFO     | __main__:__init__:48 - ✓ Report generator initialized
2025-11-07 00:32:59.375 | INFO     | __main__:generate_html:87 - 🎨 Generating HTML report...
2025-11-07 00:32:59.376 | INFO     | __main__:get_table_stats:53 - 📊 Collecting table statistics...
2025-11-07 00:32:59.413 | INFO     | src.utils.db_connector:get_connection:49 - ✓ Connected to ecommerce_db@localhost
2025-11-07 00:32:59.438 | INFO     | __main__:get_table_stats:72 -   customers: 10000 rows
2025-11-07 00:32:59.446 | INFO     | __main__:get_table_stats:72 -   products: 495 rows
2025-11-07 00:32:59.463 | INFO     | __main__:get_table_stats:72 -   orders: 50000 rows
2025-11-07 00:32:59.473 | INFO     | __main__:get_table_stats:72 -   customer_summary: 10000 rows
2025-11-07 00:32:59.480 | INFO     | __main__:get_table_stats:72 -   product_summary: 495 rows
2025-11-07 00:32:59.487 | INFO     | __main__:get_table_stats:72 -   daily_sales_summary: 181 rows
2025-11-07 00:32:59.493 | INFO     | __main__:get_table_stats:72 -   monthly_sales_summary: 7 rows
2025-11-07 00:32:59.494 | INFO     | __main__:generate_html:383 - ✓ HTML report generated successfully
2025-11-07 00:32:59.495 | INFO     | __main__:save_report:393 - 💾 Saving report to file...
2025-11-07 00:32:59.497 | INFO     | __main__:save_report:405 - ✓ Report saved to C:\projects\ecommerce-data-pipeline\data\processed\quality_report_20251107_003259.html
2025-11-07 00:32:59.499 | INFO     | __main__:main:435 - ============================================================
2025-11-07 00:32:59.500 | INFO     | __main__:main:436 - ✓ REPORT GENERATED
2025-11-07 00:32:59.501 | INFO     | __main__:main:437 - ============================================================
