2025-11-07 00:20:44.280 | INFO     | __main__:<module>:76 - ============================================================
2025-11-07 00:20:44.281 | INFO     | __main__:<module>:77 - E-COMMERCE DATA GENERATOR
2025-11-07 00:20:44.281 | INFO     | __main__:<module>:78 - ============================================================
2025-11-07 00:20:44.283 | INFO     | __main__:<module>:79 - Customers: 10,000
2025-11-07 00:20:44.283 | INFO     | __main__:<module>:80 - Products: 500
2025-11-07 00:20:44.284 | INFO     | __main__:<module>:81 - Orders: 50,000
2025-11-07 00:20:44.284 | INFO     | __main__:<module>:82 - Date Range: 2025-05-11 to 2025-11-07
2025-11-07 00:20:44.285 | INFO     | __main__:<module>:83 - Output: C:\projects\ecommerce-data-pipeline\data\raw
2025-11-07 00:20:44.288 | INFO     | __main__:generate_customers:104 - [1/3] Generating 10,000 customers...
2025-11-07 00:20:44.323 | INFO     | __main__:generate_customers:142 -   → Generated 2,000 customers...
2025-11-07 00:20:44.352 | INFO     | __main__:generate_customers:142 -   → Generated 4,000 customers...
2025-11-07 00:20:44.404 | INFO     | __main__:generate_customers:142 -   → Generated 6,000 customers...
2025-11-07 00:20:44.452 | INFO     | __main__:generate_customers:142 -   → Generated 8,000 customers...
2025-11-07 00:20:44.510 | INFO     | __main__:generate_customers:142 -   → Generated 10,000 customers...
2025-11-07 00:20:44.562 | INFO     | __main__:generate_customers:146 - ✓ Generated 10,000 customers
2025-11-07 00:20:44.566 | INFO     | __main__:generate_products:159 - [2/3] Generating 500 products...
2025-11-07 00:20:44.575 | INFO     | __main__:generate_products:237 - ✓ Generated 495 products
2025-11-07 00:20:44.576 | INFO     | __main__:generate_orders:250 - [3/3] Generating 50,000 orders...
2025-11-07 00:20:44.709 | INFO     | __main__:generate_orders:332 -   → Generated 5,000 orders...
2025-11-07 00:20:44.775 | INFO     | __main__:generate_orders:332 -   → Generated 10,000 orders...
2025-11-07 00:20:44.855 | INFO     | __main__:generate_orders:332 -   → Generated 15,000 orders...
2025-11-07 00:20:44.942 | INFO     | __main__:generate_orders:332 -   → Generated 20,000 orders...
2025-11-07 00:20:45.003 | INFO     | __main__:generate_orders:332 -   → Generated 25,000 orders...
2025-11-07 00:20:45.078 | INFO     | __main__:generate_orders:332 -   → Generated 30,000 orders...
2025-11-07 00:20:45.175 | INFO     | __main__:generate_orders:332 -   → Generated 35,000 orders...
2025-11-07 00:20:45.255 | INFO     | __main__:generate_orders:332 -   → Generated 40,000 orders...
2025-11-07 00:20:45.345 | INFO     | __main__:generate_orders:332 -   → Generated 45,000 orders...
2025-11-07 00:20:45.442 | INFO     | __main__:generate_orders:332 -   → Generated 50,000 orders...
2025-11-07 00:20:45.552 | INFO     | __main__:generate_orders:336 - ✓ Generated 50,000 orders
2025-11-07 00:20:45.557 | INFO     | __main__:save_to_csv:349 - Saving data to CSV files...
2025-11-07 00:20:45.643 | INFO     | __main__:save_to_csv:359 - ✓ Saved customers to C:\projects\ecommerce-data-pipeline\data\raw\customers.csv
2025-11-07 00:20:45.652 | INFO     | __main__:save_to_csv:364 - ✓ Saved products to C:\projects\ecommerce-data-pipeline\data\raw\products.csv
2025-11-07 00:20:45.958 | INFO     | __main__:save_to_csv:369 - ✓ Saved orders to C:\projects\ecommerce-data-pipeline\data\raw\orders.csv
2025-11-07 00:20:45.959 | INFO     | __main__:save_to_csv:373 - ✓ All data saved successfully
2025-11-07 00:20:45.959 | INFO     | __main__:main:402 - ============================================================
2025-11-07 00:20:45.960 | INFO     | __main__:main:403 - ✓ DATA GENERATION COMPLETE
2025-11-07 00:20:45.960 | INFO     | __main__:main:404 - ============================================================
2025-11-07 00:20:45.961 | INFO     | __main__:main:405 - Duration: 1.67 seconds
2025-11-07 00:20:45.961 | INFO     | __main__:main:406 - Total records: 60,495
2025-11-07 00:34:46.247 | INFO     | __main__:<module>:76 - ============================================================
2025-11-07 00:34:46.248 | INFO     | __main__:<module>:77 - E-COMMERCE DATA GENERATOR
2025-11-07 00:34:46.249 | INFO     | __main__:<module>:78 - ============================================================
2025-11-07 00:34:46.249 | INFO     | __main__:<module>:79 - Customers: 10,000
2025-11-07 00:34:46.249 | INFO     | __main__:<module>:80 - Products: 500
2025-11-07 00:34:46.249 | INFO     | __main__:<module>:81 - Orders: 50,000
2025-11-07 00:34:46.250 | INFO     | __main__:<module>:82 - Date Range: 2025-05-11 to 2025-11-07
2025-11-07 00:34:46.250 | INFO     | __main__:<module>:83 - Output: C:\projects\ecommerce-data-pipeline\data\raw
2025-11-07 00:34:46.252 | INFO     | __main__:generate_customers:104 - [1/3] Generating 10,000 customers...
2025-11-07 00:34:46.307 | INFO     | __main__:generate_customers:142 -   → Generated 2,000 customers...
2025-11-07 00:34:46.356 | INFO     | __main__:generate_customers:142 -   → Generated 4,000 customers...
2025-11-07 00:34:46.400 | INFO     | __main__:generate_customers:142 -   → Generated 6,000 customers...
2025-11-07 00:34:46.470 | INFO     | __main__:generate_customers:142 -   → Generated 8,000 customers...
2025-11-07 00:34:46.580 | INFO     | __main__:generate_customers:142 -   → Generated 10,000 customers...
2025-11-07 00:34:46.608 | INFO     | __main__:generate_customers:146 - ✓ Generated 10,000 customers
2025-11-07 00:34:46.610 | INFO     | __main__:generate_products:159 - [2/3] Generating 500 products...
2025-11-07 00:34:46.617 | INFO     | __main__:generate_products:237 - ✓ Generated 495 products
2025-11-07 00:34:46.617 | INFO     | __main__:generate_orders:250 - [3/3] Generating 50,000 orders...
2025-11-07 00:34:46.759 | INFO     | __main__:generate_orders:332 -   → Generated 5,000 orders...
2025-11-07 00:34:46.870 | INFO     | __main__:generate_orders:332 -   → Generated 10,000 orders...
2025-11-07 00:34:46.981 | INFO     | __main__:generate_orders:332 -   → Generated 15,000 orders...
2025-11-07 00:34:47.093 | INFO     | __main__:generate_orders:332 -   → Generated 20,000 orders...
2025-11-07 00:34:47.185 | INFO     | __main__:generate_orders:332 -   → Generated 25,000 orders...
2025-11-07 00:34:47.274 | INFO     | __main__:generate_orders:332 -   → Generated 30,000 orders...
2025-11-07 00:34:47.362 | INFO     | __main__:generate_orders:332 -   → Generated 35,000 orders...
2025-11-07 00:34:47.457 | INFO     | __main__:generate_orders:332 -   → Generated 40,000 orders...
2025-11-07 00:34:47.551 | INFO     | __main__:generate_orders:332 -   → Generated 45,000 orders...
2025-11-07 00:34:47.659 | INFO     | __main__:generate_orders:332 -   → Generated 50,000 orders...
2025-11-07 00:34:47.767 | INFO     | __main__:generate_orders:336 - ✓ Generated 50,000 orders
2025-11-07 00:34:47.773 | INFO     | __main__:save_to_csv:349 - Saving data to CSV files...
2025-11-07 00:34:47.843 | INFO     | __main__:save_to_csv:359 - ✓ Saved customers to C:\projects\ecommerce-data-pipeline\data\raw\customers.csv
2025-11-07 00:34:47.848 | INFO     | __main__:save_to_csv:364 - ✓ Saved products to C:\projects\ecommerce-data-pipeline\data\raw\products.csv
2025-11-07 00:34:48.095 | INFO     | __main__:save_to_csv:369 - ✓ Saved orders to C:\projects\ecommerce-data-pipeline\data\raw\orders.csv
2025-11-07 00:34:48.096 | INFO     | __main__:save_to_csv:373 - ✓ All data saved successfully
2025-11-07 00:34:48.096 | INFO     | __main__:main:402 - ============================================================
2025-11-07 00:34:48.097 | INFO     | __main__:main:403 - ✓ DATA GENERATION COMPLETE
2025-11-07 00:34:48.097 | INFO     | __main__:main:404 - ============================================================
2025-11-07 00:34:48.098 | INFO     | __main__:main:405 - Duration: 1.84 seconds
2025-11-07 00:34:48.098 | INFO     | __main__:main:406 - Total records: 60,495
2025-11-07 01:11:35.090 | INFO     | __main__:<module>:76 - ============================================================
2025-11-07 01:11:35.091 | INFO     | __main__:<module>:77 - E-COMMERCE DATA GENERATOR
2025-11-07 01:11:35.091 | INFO     | __main__:<module>:78 - ============================================================
2025-11-07 01:11:35.091 | INFO     | __main__:<module>:79 - Customers: 10,000
2025-11-07 01:11:35.091 | INFO     | __main__:<module>:80 - Products: 500
2025-11-07 01:11:35.091 | INFO     | __main__:<module>:81 - Orders: 50,000
2025-11-07 01:11:35.091 | INFO     | __main__:<module>:82 - Date Range: 2025-05-11 to 2025-11-07
2025-11-07 01:11:35.092 | INFO     | __main__:<module>:83 - Output: C:\projects\ecommerce-data-pipeline\data\raw
2025-11-07 01:11:35.093 | INFO     | __main__:generate_customers:104 - [1/3] Generating 10,000 customers...
2025-11-07 01:11:35.112 | INFO     | __main__:generate_customers:142 -   → Generated 2,000 customers...
2025-11-07 01:11:35.132 | INFO     | __main__:generate_customers:142 -   → Generated 4,000 customers...
2025-11-07 01:11:35.151 | INFO     | __main__:generate_customers:142 -   → Generated 6,000 customers...
2025-11-07 01:11:35.168 | INFO     | __main__:generate_customers:142 -   → Generated 8,000 customers...
2025-11-07 01:11:35.186 | INFO     | __main__:generate_customers:142 -   → Generated 10,000 customers...
2025-11-07 01:11:35.207 | INFO     | __main__:generate_customers:146 - ✓ Generated 10,000 customers
2025-11-07 01:11:35.210 | INFO     | __main__:generate_products:159 - [2/3] Generating 500 products...
2025-11-07 01:11:35.213 | INFO     | __main__:generate_products:237 - ✓ Generated 495 products
2025-11-07 01:11:35.214 | INFO     | __main__:generate_orders:250 - [3/3] Generating 50,000 orders...
2025-11-07 01:11:35.290 | INFO     | __main__:generate_orders:332 -   → Generated 5,000 orders...
2025-11-07 01:11:35.347 | INFO     | __main__:generate_orders:332 -   → Generated 10,000 orders...
2025-11-07 01:11:35.396 | INFO     | __main__:generate_orders:332 -   → Generated 15,000 orders...
2025-11-07 01:11:35.464 | INFO     | __main__:generate_orders:332 -   → Generated 20,000 orders...
2025-11-07 01:11:35.520 | INFO     | __main__:generate_orders:332 -   → Generated 25,000 orders...
2025-11-07 01:11:35.570 | INFO     | __main__:generate_orders:332 -   → Generated 30,000 orders...
2025-11-07 01:11:35.634 | INFO     | __main__:generate_orders:332 -   → Generated 35,000 orders...
2025-11-07 01:11:35.676 | INFO     | __main__:generate_orders:332 -   → Generated 40,000 orders...
2025-11-07 01:11:35.728 | INFO     | __main__:generate_orders:332 -   → Generated 45,000 orders...
2025-11-07 01:11:35.783 | INFO     | __main__:generate_orders:332 -   → Generated 50,000 orders...
2025-11-07 01:11:35.840 | INFO     | __main__:generate_orders:336 - ✓ Generated 50,000 orders
2025-11-07 01:11:35.843 | INFO     | __main__:save_to_csv:349 - Saving data to CSV files...
2025-11-07 01:11:35.883 | INFO     | __main__:save_to_csv:359 - ✓ Saved customers to C:\projects\ecommerce-data-pipeline\data\raw\customers.csv
2025-11-07 01:11:35.887 | INFO     | __main__:save_to_csv:364 - ✓ Saved products to C:\projects\ecommerce-data-pipeline\data\raw\products.csv
2025-11-07 01:11:36.012 | INFO     | __main__:save_to_csv:369 - ✓ Saved orders to C:\projects\ecommerce-data-pipeline\data\raw\orders.csv
2025-11-07 01:11:36.013 | INFO     | __main__:save_to_csv:373 - ✓ All data saved successfully
2025-11-07 01:11:36.013 | INFO     | __main__:main:402 - ============================================================
2025-11-07 01:11:36.013 | INFO     | __main__:main:403 - ✓ DATA GENERATION COMPLETE
2025-11-07 01:11:36.013 | INFO     | __main__:main:404 - ============================================================
2025-11-07 01:11:36.014 | INFO     | __main__:main:405 - Duration: 0.92 seconds
2025-11-07 01:11:36.014 | INFO     | __main__:main:406 - Total records: 60,495
2025-11-07 01:18:32.547 | INFO     | __main__:<module>:76 - ============================================================
2025-11-07 01:18:32.548 | INFO     | __main__:<module>:77 - E-COMMERCE DATA GENERATOR
2025-11-07 01:18:32.548 | INFO     | __main__:<module>:78 - ============================================================
2025-11-07 01:18:32.548 | INFO     | __main__:<module>:79 - Customers: 10,000
2025-11-07 01:18:32.548 | INFO     | __main__:<module>:80 - Products: 500
2025-11-07 01:18:32.548 | INFO     | __main__:<module>:81 - Orders: 50,000
2025-11-07 01:18:32.548 | INFO     | __main__:<module>:82 - Date Range: 2025-05-11 to 2025-11-07
2025-11-07 01:18:32.548 | INFO     | __main__:<module>:83 - Output: C:\projects\ecommerce-data-pipeline\data\raw
2025-11-07 01:18:32.549 | INFO     | __main__:generate_customers:104 - [1/3] Generating 10,000 customers...
2025-11-07 01:18:32.567 | INFO     | __main__:generate_customers:142 -   → Generated 2,000 customers...
2025-11-07 01:18:32.599 | INFO     | __main__:generate_customers:142 -   → Generated 4,000 customers...
2025-11-07 01:18:32.638 | INFO     | __main__:generate_customers:142 -   → Generated 6,000 customers...
2025-11-07 01:18:32.671 | INFO     | __main__:generate_customers:142 -   → Generated 8,000 customers...
2025-11-07 01:18:32.687 | INFO     | __main__:generate_customers:142 -   → Generated 10,000 customers...
2025-11-07 01:18:32.704 | INFO     | __main__:generate_customers:146 - ✓ Generated 10,000 customers
2025-11-07 01:18:32.705 | INFO     | __main__:generate_products:159 - [2/3] Generating 500 products...
2025-11-07 01:18:32.708 | INFO     | __main__:generate_products:237 - ✓ Generated 495 products
2025-11-07 01:18:32.708 | INFO     | __main__:generate_orders:250 - [3/3] Generating 50,000 orders...
2025-11-07 01:18:32.783 | INFO     | __main__:generate_orders:332 -   → Generated 5,000 orders...
2025-11-07 01:18:32.831 | INFO     | __main__:generate_orders:332 -   → Generated 10,000 orders...
2025-11-07 01:18:32.870 | INFO     | __main__:generate_orders:332 -   → Generated 15,000 orders...
2025-11-07 01:18:32.939 | INFO     | __main__:generate_orders:332 -   → Generated 20,000 orders...
2025-11-07 01:18:32.991 | INFO     | __main__:generate_orders:332 -   → Generated 25,000 orders...
2025-11-07 01:18:33.056 | INFO     | __main__:generate_orders:332 -   → Generated 30,000 orders...
2025-11-07 01:18:33.110 | INFO     | __main__:generate_orders:332 -   → Generated 35,000 orders...
2025-11-07 01:18:33.152 | INFO     | __main__:generate_orders:332 -   → Generated 40,000 orders...
2025-11-07 01:18:33.192 | INFO     | __main__:generate_orders:332 -   → Generated 45,000 orders...
2025-11-07 01:18:33.237 | INFO     | __main__:generate_orders:332 -   → Generated 50,000 orders...
2025-11-07 01:18:33.290 | INFO     | __main__:generate_orders:336 - ✓ Generated 50,000 orders
2025-11-07 01:18:33.294 | INFO     | __main__:save_to_csv:349 - Saving data to CSV files...
2025-11-07 01:18:33.326 | INFO     | __main__:save_to_csv:359 - ✓ Saved customers to C:\projects\ecommerce-data-pipeline\data\raw\customers.csv
2025-11-07 01:18:33.330 | INFO     | __main__:save_to_csv:364 - ✓ Saved products to C:\projects\ecommerce-data-pipeline\data\raw\products.csv
2025-11-07 01:18:33.450 | INFO     | __main__:save_to_csv:369 - ✓ Saved orders to C:\projects\ecommerce-data-pipeline\data\raw\orders.csv
2025-11-07 01:18:33.450 | INFO     | __main__:save_to_csv:373 - ✓ All data saved successfully
2025-11-07 01:18:33.450 | INFO     | __main__:main:402 - ============================================================
2025-11-07 01:18:33.450 | INFO     | __main__:main:403 - ✓ DATA GENERATION COMPLETE
2025-11-07 01:18:33.451 | INFO     | __main__:main:404 - ============================================================
2025-11-07 01:18:33.451 | INFO     | __main__:main:405 - Duration: 0.90 seconds
2025-11-07 01:18:33.451 | INFO     | __main__:main:406 - Total records: 60,495
2025-11-07 01:29:13.559 | INFO     | __main__:<module>:76 - ============================================================
2025-11-07 01:29:13.559 | INFO     | __main__:<module>:77 - E-COMMERCE DATA GENERATOR
2025-11-07 01:29:13.560 | INFO     | __main__:<module>:78 - ============================================================
2025-11-07 01:29:13.560 | INFO     | __main__:<module>:79 - Customers: 10,000
2025-11-07 01:29:13.560 | INFO     | __main__:<module>:80 - Products: 500
2025-11-07 01:29:13.560 | INFO     | __main__:<module>:81 - Orders: 50,000
2025-11-07 01:29:13.560 | INFO     | __main__:<module>:82 - Date Range: 2025-05-11 to 2025-11-07
2025-11-07 01:29:13.560 | INFO     | __main__:<module>:83 - Output: C:\projects\ecommerce-data-pipeline\data\raw
2025-11-07 01:29:13.561 | INFO     | __main__:generate_customers:104 - [1/3] Generating 10,000 customers...
2025-11-07 01:29:13.578 | INFO     | __main__:generate_customers:142 -   → Generated 2,000 customers...
2025-11-07 01:29:13.599 | INFO     | __main__:generate_customers:142 -   → Generated 4,000 customers...
2025-11-07 01:29:13.617 | INFO     | __main__:generate_customers:142 -   → Generated 6,000 customers...
2025-11-07 01:29:13.642 | INFO     | __main__:generate_customers:142 -   → Generated 8,000 customers...
2025-11-07 01:29:13.667 | INFO     | __main__:generate_customers:142 -   → Generated 10,000 customers...
2025-11-07 01:29:13.684 | INFO     | __main__:generate_customers:146 - ✓ Generated 10,000 customers
2025-11-07 01:29:13.686 | INFO     | __main__:generate_products:159 - [2/3] Generating 500 products...
2025-11-07 01:29:13.689 | INFO     | __main__:generate_products:237 - ✓ Generated 495 products
2025-11-07 01:29:13.689 | INFO     | __main__:generate_orders:250 - [3/3] Generating 50,000 orders...
2025-11-07 01:29:13.749 | INFO     | __main__:generate_orders:332 -   → Generated 5,000 orders...
2025-11-07 01:29:13.791 | INFO     | __main__:generate_orders:332 -   → Generated 10,000 orders...
2025-11-07 01:29:13.833 | INFO     | __main__:generate_orders:332 -   → Generated 15,000 orders...
2025-11-07 01:29:13.881 | INFO     | __main__:generate_orders:332 -   → Generated 20,000 orders...
2025-11-07 01:29:13.936 | INFO     | __main__:generate_orders:332 -   → Generated 25,000 orders...
2025-11-07 01:29:13.981 | INFO     | __main__:generate_orders:332 -   → Generated 30,000 orders...
2025-11-07 01:29:14.036 | INFO     | __main__:generate_orders:332 -   → Generated 35,000 orders...
2025-11-07 01:29:14.077 | INFO     | __main__:generate_orders:332 -   → Generated 40,000 orders...
2025-11-07 01:29:14.128 | INFO     | __main__:generate_orders:332 -   → Generated 45,000 orders...
2025-11-07 01:29:14.199 | INFO     | __main__:generate_orders:332 -   → Generated 50,000 orders...
2025-11-07 01:29:14.253 | INFO     | __main__:generate_orders:336 - ✓ Generated 50,000 orders
2025-11-07 01:29:14.256 | INFO     | __main__:save_to_csv:349 - Saving data to CSV files...
2025-11-07 01:29:14.291 | INFO     | __main__:save_to_csv:359 - ✓ Saved customers to C:\projects\ecommerce-data-pipeline\data\raw\customers.csv
2025-11-07 01:29:14.295 | INFO     | __main__:save_to_csv:364 - ✓ Saved products to C:\projects\ecommerce-data-pipeline\data\raw\products.csv
2025-11-07 01:29:14.420 | INFO     | __main__:save_to_csv:369 - ✓ Saved orders to C:\projects\ecommerce-data-pipeline\data\raw\orders.csv
2025-11-07 01:29:14.420 | INFO     | __main__:save_to_csv:373 - ✓ All data saved successfully
2025-11-07 01:29:14.420 | INFO     | __main__:main:402 - ============================================================
2025-11-07 01:29:14.420 | INFO     | __main__:main:403 - ✓ DATA GENERATION COMPLETE
2025-11-07 01:29:14.421 | INFO     | __main__:main:404 - ============================================================
2025-11-07 01:29:14.421 | INFO     | __main__:main:405 - Duration: 0.86 seconds
2025-11-07 01:29:14.421 | INFO     | __main__:main:406 - Total records: 60,495
2025-11-07 01:41:43.041 | INFO     | __main__:<module>:77 - ============================================================
2025-11-07 01:41:43.041 | INFO     | __main__:<module>:78 - E-COMMERCE DATA GENERATOR
2025-11-07 01:41:43.041 | INFO     | __main__:<module>:79 - ============================================================
2025-11-07 01:41:43.042 | INFO     | __main__:<module>:80 - Customers: 10,000
2025-11-07 01:41:43.042 | INFO     | __main__:<module>:81 - Products: 500
2025-11-07 01:41:43.042 | INFO     | __main__:<module>:82 - Orders: 50,000
2025-11-07 01:41:43.042 | INFO     | __main__:<module>:83 - Date Range: 2025-05-11 to 2025-11-07
2025-11-07 01:41:43.042 | INFO     | __main__:<module>:84 - Output: C:\projects\ecommerce-data-pipeline\data\raw
2025-11-07 01:41:43.042 | INFO     | __main__:generate_customers:105 - [1/3] Generating 10,000 customers...
2025-11-07 01:41:43.066 | INFO     | __main__:generate_customers:143 -   → Generated 2,000 customers...
2025-11-07 01:41:43.087 | INFO     | __main__:generate_customers:143 -   → Generated 4,000 customers...
2025-11-07 01:41:43.113 | INFO     | __main__:generate_customers:143 -   → Generated 6,000 customers...
2025-11-07 01:41:43.134 | INFO     | __main__:generate_customers:143 -   → Generated 8,000 customers...
2025-11-07 01:41:43.168 | INFO     | __main__:generate_customers:143 -   → Generated 10,000 customers...
2025-11-07 01:41:43.183 | INFO     | __main__:generate_customers:147 - ✓ Generated 10,000 customers
2025-11-07 01:41:43.185 | INFO     | __main__:generate_products:160 - [2/3] Generating 500 products...
2025-11-07 01:41:43.189 | INFO     | __main__:generate_products:238 - ✓ Generated 495 products
2025-11-07 01:41:43.189 | INFO     | __main__:generate_orders:251 - [3/3] Generating 50,000 orders...
2025-11-07 01:41:43.248 | INFO     | __main__:generate_orders:333 -   → Generated 5,000 orders...
2025-11-07 01:41:43.299 | INFO     | __main__:generate_orders:333 -   → Generated 10,000 orders...
2025-11-07 01:41:43.364 | INFO     | __main__:generate_orders:333 -   → Generated 15,000 orders...
2025-11-07 01:41:43.450 | INFO     | __main__:generate_orders:333 -   → Generated 20,000 orders...
2025-11-07 01:41:43.536 | INFO     | __main__:generate_orders:333 -   → Generated 25,000 orders...
2025-11-07 01:41:43.594 | INFO     | __main__:generate_orders:333 -   → Generated 30,000 orders...
2025-11-07 01:41:43.645 | INFO     | __main__:generate_orders:333 -   → Generated 35,000 orders...
2025-11-07 01:41:43.712 | INFO     | __main__:generate_orders:333 -   → Generated 40,000 orders...
2025-11-07 01:41:43.759 | INFO     | __main__:generate_orders:333 -   → Generated 45,000 orders...
2025-11-07 01:41:43.810 | INFO     | __main__:generate_orders:333 -   → Generated 50,000 orders...
2025-11-07 01:41:43.866 | INFO     | __main__:generate_orders:337 - ✓ Generated 50,000 orders
2025-11-07 01:41:43.869 | INFO     | __main__:save_to_csv:350 - Saving data to CSV files...
2025-11-07 01:41:43.903 | INFO     | __main__:save_to_csv:360 - ✓ Saved customers to C:\projects\ecommerce-data-pipeline\data\raw\customers.csv
2025-11-07 01:41:43.906 | INFO     | __main__:save_to_csv:365 - ✓ Saved products to C:\projects\ecommerce-data-pipeline\data\raw\products.csv
2025-11-07 01:41:44.049 | INFO     | __main__:save_to_csv:370 - ✓ Saved orders to C:\projects\ecommerce-data-pipeline\data\raw\orders.csv
2025-11-07 01:41:44.050 | INFO     | __main__:save_to_csv:374 - ✓ All data saved successfully
2025-11-07 01:41:44.051 | INFO     | __main__:main:403 - ============================================================
2025-11-07 01:41:44.051 | INFO     | __main__:main:404 - ✓ DATA GENERATION COMPLETE
2025-11-07 01:41:44.052 | INFO     | __main__:main:405 - ============================================================
2025-11-07 01:41:44.053 | INFO     | __main__:main:406 - Duration: 1.01 seconds
2025-11-07 01:41:44.053 | INFO     | __main__:main:407 - Total records: 60,495
2025-11-07 01:42:28.041 | INFO     | __main__:<module>:77 - ============================================================
2025-11-07 01:42:28.041 | INFO     | __main__:<module>:78 - E-COMMERCE DATA GENERATOR
2025-11-07 01:42:28.041 | INFO     | __main__:<module>:79 - ============================================================
2025-11-07 01:42:28.041 | INFO     | __main__:<module>:80 - Customers: 10,000
2025-11-07 01:42:28.042 | INFO     | __main__:<module>:81 - Products: 500
2025-11-07 01:42:28.042 | INFO     | __main__:<module>:82 - Orders: 50,000
2025-11-07 01:42:28.042 | INFO     | __main__:<module>:83 - Date Range: 2025-05-11 to 2025-11-07
2025-11-07 01:42:28.042 | INFO     | __main__:<module>:84 - Output: C:\projects\ecommerce-data-pipeline\data\raw
2025-11-07 01:42:28.044 | INFO     | __main__:generate_customers:105 - [1/3] Generating 10,000 customers...
2025-11-07 01:42:28.066 | INFO     | __main__:generate_customers:143 -   → Generated 2,000 customers...
2025-11-07 01:42:28.110 | INFO     | __main__:generate_customers:143 -   → Generated 4,000 customers...
2025-11-07 01:42:28.154 | INFO     | __main__:generate_customers:143 -   → Generated 6,000 customers...
2025-11-07 01:42:28.173 | INFO     | __main__:generate_customers:143 -   → Generated 8,000 customers...
2025-11-07 01:42:28.190 | INFO     | __main__:generate_customers:143 -   → Generated 10,000 customers...
2025-11-07 01:42:28.201 | INFO     | __main__:generate_customers:147 - ✓ Generated 10,000 customers
2025-11-07 01:42:28.202 | INFO     | __main__:generate_products:160 - [2/3] Generating 500 products...
2025-11-07 01:42:28.205 | INFO     | __main__:generate_products:238 - ✓ Generated 495 products
2025-11-07 01:42:28.205 | INFO     | __main__:generate_orders:251 - [3/3] Generating 50,000 orders...
2025-11-07 01:42:28.269 | INFO     | __main__:generate_orders:333 -   → Generated 5,000 orders...
2025-11-07 01:42:28.336 | INFO     | __main__:generate_orders:333 -   → Generated 10,000 orders...
2025-11-07 01:42:28.404 | INFO     | __main__:generate_orders:333 -   → Generated 15,000 orders...
2025-11-07 01:42:28.461 | INFO     | __main__:generate_orders:333 -   → Generated 20,000 orders...
2025-11-07 01:42:28.504 | INFO     | __main__:generate_orders:333 -   → Generated 25,000 orders...
2025-11-07 01:42:28.547 | INFO     | __main__:generate_orders:333 -   → Generated 30,000 orders...
2025-11-07 01:42:28.593 | INFO     | __main__:generate_orders:333 -   → Generated 35,000 orders...
2025-11-07 01:42:28.631 | INFO     | __main__:generate_orders:333 -   → Generated 40,000 orders...
2025-11-07 01:42:28.678 | INFO     | __main__:generate_orders:333 -   → Generated 45,000 orders...
2025-11-07 01:42:28.732 | INFO     | __main__:generate_orders:333 -   → Generated 50,000 orders...
2025-11-07 01:42:28.791 | INFO     | __main__:generate_orders:337 - ✓ Generated 50,000 orders
2025-11-07 01:42:28.795 | INFO     | __main__:save_to_csv:350 - Saving data to CSV files...
2025-11-07 01:42:28.830 | INFO     | __main__:save_to_csv:360 - ✓ Saved customers to C:\projects\ecommerce-data-pipeline\data\raw\customers.csv
2025-11-07 01:42:28.838 | INFO     | __main__:save_to_csv:365 - ✓ Saved products to C:\projects\ecommerce-data-pipeline\data\raw\products.csv
2025-11-07 01:42:28.963 | INFO     | __main__:save_to_csv:370 - ✓ Saved orders to C:\projects\ecommerce-data-pipeline\data\raw\orders.csv
2025-11-07 01:42:28.964 | INFO     | __main__:save_to_csv:374 - ✓ All data saved successfully
2025-11-07 01:42:28.964 | INFO     | __main__:main:403 - ============================================================
2025-11-07 01:42:28.964 | INFO     | __main__:main:404 - ✓ DATA GENERATION COMPLETE
2025-11-07 01:42:28.964 | INFO     | __main__:main:405 - ============================================================
2025-11-07 01:42:28.964 | INFO     | __main__:main:406 - Duration: 0.92 seconds
2025-11-07 01:42:28.965 | INFO     | __main__:main:407 - Total records: 60,495
2025-11-07 01:42:39.214 | INFO     | __main__:<module>:77 - ============================================================
2025-11-07 01:42:39.214 | INFO     | __main__:<module>:78 - E-COMMERCE DATA GENERATOR
2025-11-07 01:42:39.214 | INFO     | __main__:<module>:79 - ============================================================
2025-11-07 01:42:39.214 | INFO     | __main__:<module>:80 - Customers: 10,000
2025-11-07 01:42:39.214 | INFO     | __main__:<module>:81 - Products: 500
2025-11-07 01:42:39.215 | INFO     | __main__:<module>:82 - Orders: 50,000
2025-11-07 01:42:39.215 | INFO     | __main__:<module>:83 - Date Range: 2025-05-11 to 2025-11-07
2025-11-07 01:42:39.215 | INFO     | __main__:<module>:84 - Output: C:\projects\ecommerce-data-pipeline\data\raw
2025-11-07 01:42:39.216 | INFO     | __main__:generate_customers:105 - [1/3] Generating 10,000 customers...
2025-11-07 01:42:39.234 | INFO     | __main__:generate_customers:143 -   → Generated 2,000 customers...
2025-11-07 01:42:39.267 | INFO     | __main__:generate_customers:143 -   → Generated 4,000 customers...
2025-11-07 01:42:39.300 | INFO     | __main__:generate_customers:143 -   → Generated 6,000 customers...
2025-11-07 01:42:39.319 | INFO     | __main__:generate_customers:143 -   → Generated 8,000 customers...
2025-11-07 01:42:39.348 | INFO     | __main__:generate_customers:143 -   → Generated 10,000 customers...
2025-11-07 01:42:39.362 | INFO     | __main__:generate_customers:147 - ✓ Generated 10,000 customers
2025-11-07 01:42:39.363 | INFO     | __main__:generate_products:160 - [2/3] Generating 500 products...
2025-11-07 01:42:39.367 | INFO     | __main__:generate_products:238 - ✓ Generated 495 products
2025-11-07 01:42:39.368 | INFO     | __main__:generate_orders:251 - [3/3] Generating 50,000 orders...
2025-11-07 01:42:39.426 | INFO     | __main__:generate_orders:333 -   → Generated 5,000 orders...
2025-11-07 01:42:39.473 | INFO     | __main__:generate_orders:333 -   → Generated 10,000 orders...
2025-11-07 01:42:39.527 | INFO     | __main__:generate_orders:333 -   → Generated 15,000 orders...
2025-11-07 01:42:39.611 | INFO     | __main__:generate_orders:333 -   → Generated 20,000 orders...
2025-11-07 01:42:39.664 | INFO     | __main__:generate_orders:333 -   → Generated 25,000 orders...
2025-11-07 01:42:39.704 | INFO     | __main__:generate_orders:333 -   → Generated 30,000 orders...
2025-11-07 01:42:39.745 | INFO     | __main__:generate_orders:333 -   → Generated 35,000 orders...
2025-11-07 01:42:39.790 | INFO     | __main__:generate_orders:333 -   → Generated 40,000 orders...
2025-11-07 01:42:39.846 | INFO     | __main__:generate_orders:333 -   → Generated 45,000 orders...
2025-11-07 01:42:39.927 | INFO     | __main__:generate_orders:333 -   → Generated 50,000 orders...
2025-11-07 01:42:40.019 | INFO     | __main__:generate_orders:337 - ✓ Generated 50,000 orders
2025-11-07 01:42:40.022 | INFO     | __main__:save_to_csv:350 - Saving data to CSV files...
2025-11-07 01:42:40.060 | INFO     | __main__:save_to_csv:360 - ✓ Saved customers to C:\projects\ecommerce-data-pipeline\data\raw\customers.csv
2025-11-07 01:42:40.067 | INFO     | __main__:save_to_csv:365 - ✓ Saved products to C:\projects\ecommerce-data-pipeline\data\raw\products.csv
2025-11-07 01:42:40.219 | INFO     | __main__:save_to_csv:370 - ✓ Saved orders to C:\projects\ecommerce-data-pipeline\data\raw\orders.csv
2025-11-07 01:42:40.220 | INFO     | __main__:save_to_csv:374 - ✓ All data saved successfully
2025-11-07 01:42:40.220 | INFO     | __main__:main:403 - ============================================================
2025-11-07 01:42:40.220 | INFO     | __main__:main:404 - ✓ DATA GENERATION COMPLETE
2025-11-07 01:42:40.221 | INFO     | __main__:main:405 - ============================================================
2025-11-07 01:42:40.221 | INFO     | __main__:main:406 - Duration: 1.00 seconds
2025-11-07 01:42:40.221 | INFO     | __main__:main:407 - Total records: 60,495
2025-11-07 01:47:47.935 | INFO     | __main__:<module>:80 - ============================================================
2025-11-07 01:47:47.936 | INFO     | __main__:<module>:81 - E-COMMERCE DATA GENERATOR
2025-11-07 01:47:47.936 | INFO     | __main__:<module>:82 - ============================================================
2025-11-07 01:47:47.937 | INFO     | __main__:<module>:83 - Random Seed: 60267
2025-11-07 01:47:47.937 | INFO     | __main__:<module>:84 - Customers: 10,000
2025-11-07 01:47:47.937 | INFO     | __main__:<module>:85 - Products: 500
2025-11-07 01:47:47.937 | INFO     | __main__:<module>:86 - Orders: 50,000
2025-11-07 01:47:47.938 | INFO     | __main__:<module>:87 - Date Range: 2025-05-11 to 2025-11-07
2025-11-07 01:47:47.938 | INFO     | __main__:<module>:88 - Output: C:\projects\ecommerce-data-pipeline\data\raw
2025-11-07 01:47:47.941 | INFO     | __main__:generate_customers:110 - [1/3] Generating 10,000 customers...
2025-11-07 01:47:47.977 | INFO     | __main__:generate_customers:148 -   → Generated 2,000 customers...
2025-11-07 01:47:48.017 | INFO     | __main__:generate_customers:148 -   → Generated 4,000 customers...
2025-11-07 01:47:48.065 | INFO     | __main__:generate_customers:148 -   → Generated 6,000 customers...
2025-11-07 01:47:48.113 | INFO     | __main__:generate_customers:148 -   → Generated 8,000 customers...
2025-11-07 01:47:48.160 | INFO     | __main__:generate_customers:148 -   → Generated 10,000 customers...
2025-11-07 01:47:48.190 | INFO     | __main__:generate_customers:152 - ✓ Generated 10,000 customers
2025-11-07 01:47:48.193 | INFO     | __main__:generate_products:165 - [2/3] Generating 500 products...
2025-11-07 01:47:48.198 | INFO     | __main__:generate_products:243 - ✓ Generated 495 products
2025-11-07 01:47:48.199 | INFO     | __main__:generate_orders:256 - [3/3] Generating 50,000 orders...
2025-11-07 01:47:48.329 | INFO     | __main__:generate_orders:338 -   → Generated 5,000 orders...
2025-11-07 01:47:48.421 | INFO     | __main__:generate_orders:338 -   → Generated 10,000 orders...
2025-11-07 01:47:48.541 | INFO     | __main__:generate_orders:338 -   → Generated 15,000 orders...
2025-11-07 01:47:48.637 | INFO     | __main__:generate_orders:338 -   → Generated 20,000 orders...
2025-11-07 01:47:48.732 | INFO     | __main__:generate_orders:338 -   → Generated 25,000 orders...
2025-11-07 01:47:48.829 | INFO     | __main__:generate_orders:338 -   → Generated 30,000 orders...
2025-11-07 01:47:48.940 | INFO     | __main__:generate_orders:338 -   → Generated 35,000 orders...
2025-11-07 01:47:49.051 | INFO     | __main__:generate_orders:338 -   → Generated 40,000 orders...
2025-11-07 01:47:49.158 | INFO     | __main__:generate_orders:338 -   → Generated 45,000 orders...
2025-11-07 01:47:49.253 | INFO     | __main__:generate_orders:338 -   → Generated 50,000 orders...
2025-11-07 01:47:49.366 | INFO     | __main__:generate_orders:342 - ✓ Generated 50,000 orders
2025-11-07 01:47:49.375 | INFO     | __main__:save_to_csv:355 - Saving data to CSV files...
2025-11-07 01:47:49.454 | INFO     | __main__:save_to_csv:365 - ✓ Saved customers to C:\projects\ecommerce-data-pipeline\data\raw\customers.csv
2025-11-07 01:47:49.462 | INFO     | __main__:save_to_csv:370 - ✓ Saved products to C:\projects\ecommerce-data-pipeline\data\raw\products.csv
2025-11-07 01:47:49.753 | INFO     | __main__:save_to_csv:375 - ✓ Saved orders to C:\projects\ecommerce-data-pipeline\data\raw\orders.csv
2025-11-07 01:47:49.754 | INFO     | __main__:save_to_csv:379 - ✓ All data saved successfully
2025-11-07 01:47:49.754 | INFO     | __main__:main:408 - ============================================================
2025-11-07 01:47:49.755 | INFO     | __main__:main:409 - ✓ DATA GENERATION COMPLETE
2025-11-07 01:47:49.755 | INFO     | __main__:main:410 - ============================================================
2025-11-07 01:47:49.756 | INFO     | __main__:main:411 - Duration: 1.81 seconds
2025-11-07 01:47:49.756 | INFO     | __main__:main:412 - Total records: 60,495
2025-11-07 01:47:53.825 | INFO     | __main__:<module>:80 - ============================================================
2025-11-07 01:47:53.826 | INFO     | __main__:<module>:81 - E-COMMERCE DATA GENERATOR
2025-11-07 01:47:53.826 | INFO     | __main__:<module>:82 - ============================================================
2025-11-07 01:47:53.826 | INFO     | __main__:<module>:83 - Random Seed: 60273
2025-11-07 01:47:53.826 | INFO     | __main__:<module>:84 - Customers: 10,000
2025-11-07 01:47:53.826 | INFO     | __main__:<module>:85 - Products: 500
2025-11-07 01:47:53.827 | INFO     | __main__:<module>:86 - Orders: 50,000
2025-11-07 01:47:53.827 | INFO     | __main__:<module>:87 - Date Range: 2025-05-11 to 2025-11-07
2025-11-07 01:47:53.827 | INFO     | __main__:<module>:88 - Output: C:\projects\ecommerce-data-pipeline\data\raw
2025-11-07 01:47:53.829 | INFO     | __main__:generate_customers:110 - [1/3] Generating 10,000 customers...
2025-11-07 01:47:53.861 | INFO     | __main__:generate_customers:148 -   → Generated 2,000 customers...
2025-11-07 01:47:53.907 | INFO     | __main__:generate_customers:148 -   → Generated 4,000 customers...
2025-11-07 01:47:53.934 | INFO     | __main__:generate_customers:148 -   → Generated 6,000 customers...
2025-11-07 01:47:53.967 | INFO     | __main__:generate_customers:148 -   → Generated 8,000 customers...
2025-11-07 01:47:53.995 | INFO     | __main__:generate_customers:148 -   → Generated 10,000 customers...
2025-11-07 01:47:54.014 | INFO     | __main__:generate_customers:152 - ✓ Generated 10,000 customers
2025-11-07 01:47:54.016 | INFO     | __main__:generate_products:165 - [2/3] Generating 500 products...
2025-11-07 01:47:54.021 | INFO     | __main__:generate_products:243 - ✓ Generated 495 products
2025-11-07 01:47:54.022 | INFO     | __main__:generate_orders:256 - [3/3] Generating 50,000 orders...
2025-11-07 01:47:54.125 | INFO     | __main__:generate_orders:338 -   → Generated 5,000 orders...
2025-11-07 01:47:54.194 | INFO     | __main__:generate_orders:338 -   → Generated 10,000 orders...
2025-11-07 01:47:54.323 | INFO     | __main__:generate_orders:338 -   → Generated 15,000 orders...
2025-11-07 01:47:54.435 | INFO     | __main__:generate_orders:338 -   → Generated 20,000 orders...
2025-11-07 01:47:54.534 | INFO     | __main__:generate_orders:338 -   → Generated 25,000 orders...
2025-11-07 01:47:54.649 | INFO     | __main__:generate_orders:338 -   → Generated 30,000 orders...
2025-11-07 01:47:54.747 | INFO     | __main__:generate_orders:338 -   → Generated 35,000 orders...
2025-11-07 01:47:54.857 | INFO     | __main__:generate_orders:338 -   → Generated 40,000 orders...
2025-11-07 01:47:54.979 | INFO     | __main__:generate_orders:338 -   → Generated 45,000 orders...
2025-11-07 01:47:55.082 | INFO     | __main__:generate_orders:338 -   → Generated 50,000 orders...
2025-11-07 01:47:55.174 | INFO     | __main__:generate_orders:342 - ✓ Generated 50,000 orders
2025-11-07 01:47:55.179 | INFO     | __main__:save_to_csv:355 - Saving data to CSV files...
2025-11-07 01:47:55.251 | INFO     | __main__:save_to_csv:365 - ✓ Saved customers to C:\projects\ecommerce-data-pipeline\data\raw\customers.csv
2025-11-07 01:47:55.259 | INFO     | __main__:save_to_csv:370 - ✓ Saved products to C:\projects\ecommerce-data-pipeline\data\raw\products.csv
2025-11-07 01:47:55.518 | INFO     | __main__:save_to_csv:375 - ✓ Saved orders to C:\projects\ecommerce-data-pipeline\data\raw\orders.csv
2025-11-07 01:47:55.519 | INFO     | __main__:save_to_csv:379 - ✓ All data saved successfully
2025-11-07 01:47:55.520 | INFO     | __main__:main:408 - ============================================================
2025-11-07 01:47:55.521 | INFO     | __main__:main:409 - ✓ DATA GENERATION COMPLETE
2025-11-07 01:47:55.521 | INFO     | __main__:main:410 - ============================================================
2025-11-07 01:47:55.522 | INFO     | __main__:main:411 - Duration: 1.69 seconds
2025-11-07 01:47:55.522 | INFO     | __main__:main:412 - Total records: 60,495
2025-11-07 01:48:11.478 | INFO     | __main__:<module>:80 - ============================================================
2025-11-07 01:48:11.478 | INFO     | __main__:<module>:81 - E-COMMERCE DATA GENERATOR
2025-11-07 01:48:11.479 | INFO     | __main__:<module>:82 - ============================================================
2025-11-07 01:48:11.479 | INFO     | __main__:<module>:83 - Random Seed: 60291
2025-11-07 01:48:11.479 | INFO     | __main__:<module>:84 - Customers: 10,000
2025-11-07 01:48:11.479 | INFO     | __main__:<module>:85 - Products: 500
2025-11-07 01:48:11.480 | INFO     | __main__:<module>:86 - Orders: 50,000
2025-11-07 01:48:11.480 | INFO     | __main__:<module>:87 - Date Range: 2025-05-11 to 2025-11-07
2025-11-07 01:48:11.480 | INFO     | __main__:<module>:88 - Output: C:\projects\ecommerce-data-pipeline\data\raw
2025-11-07 01:48:11.482 | INFO     | __main__:generate_customers:110 - [1/3] Generating 10,000 customers...
2025-11-07 01:48:11.516 | INFO     | __main__:generate_customers:148 -   → Generated 2,000 customers...
2025-11-07 01:48:11.567 | INFO     | __main__:generate_customers:148 -   → Generated 4,000 customers...
2025-11-07 01:48:11.614 | INFO     | __main__:generate_customers:148 -   → Generated 6,000 customers...
2025-11-07 01:48:11.663 | INFO     | __main__:generate_customers:148 -   → Generated 8,000 customers...
2025-11-07 01:48:11.713 | INFO     | __main__:generate_customers:148 -   → Generated 10,000 customers...
2025-11-07 01:48:11.742 | INFO     | __main__:generate_customers:152 - ✓ Generated 10,000 customers
2025-11-07 01:48:11.745 | INFO     | __main__:generate_products:165 - [2/3] Generating 500 products...
2025-11-07 01:48:11.750 | INFO     | __main__:generate_products:243 - ✓ Generated 495 products
2025-11-07 01:48:11.751 | INFO     | __main__:generate_orders:256 - [3/3] Generating 50,000 orders...
2025-11-07 01:48:11.908 | INFO     | __main__:generate_orders:338 -   → Generated 5,000 orders...
2025-11-07 01:48:12.000 | INFO     | __main__:generate_orders:338 -   → Generated 10,000 orders...
2025-11-07 01:48:12.103 | INFO     | __main__:generate_orders:338 -   → Generated 15,000 orders...
2025-11-07 01:48:12.177 | INFO     | __main__:generate_orders:338 -   → Generated 20,000 orders...
2025-11-07 01:48:12.273 | INFO     | __main__:generate_orders:338 -   → Generated 25,000 orders...
2025-11-07 01:48:12.377 | INFO     | __main__:generate_orders:338 -   → Generated 30,000 orders...
2025-11-07 01:48:12.450 | INFO     | __main__:generate_orders:338 -   → Generated 35,000 orders...
2025-11-07 01:48:12.523 | INFO     | __main__:generate_orders:338 -   → Generated 40,000 orders...
2025-11-07 01:48:12.628 | INFO     | __main__:generate_orders:338 -   → Generated 45,000 orders...
2025-11-07 01:48:12.711 | INFO     | __main__:generate_orders:338 -   → Generated 50,000 orders...
2025-11-07 01:48:12.817 | INFO     | __main__:generate_orders:342 - ✓ Generated 50,000 orders
2025-11-07 01:48:12.823 | INFO     | __main__:save_to_csv:355 - Saving data to CSV files...
2025-11-07 01:48:12.900 | INFO     | __main__:save_to_csv:365 - ✓ Saved customers to C:\projects\ecommerce-data-pipeline\data\raw\customers.csv
2025-11-07 01:48:12.905 | INFO     | __main__:save_to_csv:370 - ✓ Saved products to C:\projects\ecommerce-data-pipeline\data\raw\products.csv
2025-11-07 01:48:13.134 | INFO     | __main__:save_to_csv:375 - ✓ Saved orders to C:\projects\ecommerce-data-pipeline\data\raw\orders.csv
2025-11-07 01:48:13.135 | INFO     | __main__:save_to_csv:379 - ✓ All data saved successfully
2025-11-07 01:48:13.135 | INFO     | __main__:main:408 - ============================================================
2025-11-07 01:48:13.136 | INFO     | __main__:main:409 - ✓ DATA GENERATION COMPLETE
2025-11-07 01:48:13.136 | INFO     | __main__:main:410 - ============================================================
2025-11-07 01:48:13.137 | INFO     | __main__:main:411 - Duration: 1.65 seconds
2025-11-07 01:48:13.137 | INFO     | __main__:main:412 - Total records: 60,495
2025-11-07 01:48:17.511 | INFO     | __main__:<module>:80 - ============================================================
2025-11-07 01:48:17.512 | INFO     | __main__:<module>:81 - E-COMMERCE DATA GENERATOR
2025-11-07 01:48:17.512 | INFO     | __main__:<module>:82 - ============================================================
2025-11-07 01:48:17.512 | INFO     | __main__:<module>:83 - Random Seed: 60297
2025-11-07 01:48:17.513 | INFO     | __main__:<module>:84 - Customers: 10,000
2025-11-07 01:48:17.513 | INFO     | __main__:<module>:85 - Products: 500
2025-11-07 01:48:17.513 | INFO     | __main__:<module>:86 - Orders: 50,000
2025-11-07 01:48:17.514 | INFO     | __main__:<module>:87 - Date Range: 2025-05-11 to 2025-11-07
2025-11-07 01:48:17.514 | INFO     | __main__:<module>:88 - Output: C:\projects\ecommerce-data-pipeline\data\raw
2025-11-07 01:48:17.517 | INFO     | __main__:generate_customers:110 - [1/3] Generating 10,000 customers...
2025-11-07 01:48:17.551 | INFO     | __main__:generate_customers:148 -   → Generated 2,000 customers...
2025-11-07 01:48:17.592 | INFO     | __main__:generate_customers:148 -   → Generated 4,000 customers...
2025-11-07 01:48:17.622 | INFO     | __main__:generate_customers:148 -   → Generated 6,000 customers...
2025-11-07 01:48:17.649 | INFO     | __main__:generate_customers:148 -   → Generated 8,000 customers...
2025-11-07 01:48:17.678 | INFO     | __main__:generate_customers:148 -   → Generated 10,000 customers...
2025-11-07 01:48:17.700 | INFO     | __main__:generate_customers:152 - ✓ Generated 10,000 customers
2025-11-07 01:48:17.702 | INFO     | __main__:generate_products:165 - [2/3] Generating 500 products...
2025-11-07 01:48:17.706 | INFO     | __main__:generate_products:243 - ✓ Generated 495 products
2025-11-07 01:48:17.707 | INFO     | __main__:generate_orders:256 - [3/3] Generating 50,000 orders...
2025-11-07 01:48:17.832 | INFO     | __main__:generate_orders:338 -   → Generated 5,000 orders...
2025-11-07 01:48:17.971 | INFO     | __main__:generate_orders:338 -   → Generated 10,000 orders...
2025-11-07 01:48:18.049 | INFO     | __main__:generate_orders:338 -   → Generated 15,000 orders...
2025-11-07 01:48:18.120 | INFO     | __main__:generate_orders:338 -   → Generated 20,000 orders...
2025-11-07 01:48:18.217 | INFO     | __main__:generate_orders:338 -   → Generated 25,000 orders...
2025-11-07 01:48:18.311 | INFO     | __main__:generate_orders:338 -   → Generated 30,000 orders...
2025-11-07 01:48:18.402 | INFO     | __main__:generate_orders:338 -   → Generated 35,000 orders...
2025-11-07 01:48:18.485 | INFO     | __main__:generate_orders:338 -   → Generated 40,000 orders...
2025-11-07 01:48:18.615 | INFO     | __main__:generate_orders:338 -   → Generated 45,000 orders...
2025-11-07 01:48:18.736 | INFO     | __main__:generate_orders:338 -   → Generated 50,000 orders...
2025-11-07 01:48:18.887 | INFO     | __main__:generate_orders:342 - ✓ Generated 50,000 orders
2025-11-07 01:48:18.895 | INFO     | __main__:save_to_csv:355 - Saving data to CSV files...
2025-11-07 01:48:18.946 | INFO     | __main__:save_to_csv:365 - ✓ Saved customers to C:\projects\ecommerce-data-pipeline\data\raw\customers.csv
2025-11-07 01:48:18.953 | INFO     | __main__:save_to_csv:370 - ✓ Saved products to C:\projects\ecommerce-data-pipeline\data\raw\products.csv
2025-11-07 01:48:19.229 | INFO     | __main__:save_to_csv:375 - ✓ Saved orders to C:\projects\ecommerce-data-pipeline\data\raw\orders.csv
2025-11-07 01:48:19.230 | INFO     | __main__:save_to_csv:379 - ✓ All data saved successfully
2025-11-07 01:48:19.231 | INFO     | __main__:main:408 - ============================================================
2025-11-07 01:48:19.231 | INFO     | __main__:main:409 - ✓ DATA GENERATION COMPLETE
2025-11-07 01:48:19.231 | INFO     | __main__:main:410 - ============================================================
2025-11-07 01:48:19.231 | INFO     | __main__:main:411 - Duration: 1.71 seconds
2025-11-07 01:48:19.232 | INFO     | __main__:main:412 - Total records: 60,495
2025-11-07 01:55:12.223 | INFO     | __main__:<module>:87 - ============================================================
2025-11-07 01:55:12.223 | INFO     | __main__:<module>:88 - E-COMMERCE DATA GENERATOR
2025-11-07 01:55:12.224 | INFO     | __main__:<module>:89 - ============================================================
2025-11-07 01:55:12.224 | INFO     | __main__:<module>:90 - Random Seed: 60712
2025-11-07 01:55:12.224 | INFO     | __main__:<module>:91 - Customer ID Offset: 120000
2025-11-07 01:55:12.225 | INFO     | __main__:<module>:92 - Product ID Offset: 60000
2025-11-07 01:55:12.225 | INFO     | __main__:<module>:93 - Order ID Offset: 71200
2025-11-07 01:55:12.225 | INFO     | __main__:<module>:94 - Customers: 10,000
2025-11-07 01:55:12.225 | INFO     | __main__:<module>:95 - Products: 500
2025-11-07 01:55:12.225 | INFO     | __main__:<module>:96 - Orders: 50,000
2025-11-07 01:55:12.226 | INFO     | __main__:<module>:97 - Date Range: 2025-05-11 to 2025-11-07
2025-11-07 01:55:12.226 | INFO     | __main__:<module>:98 - Output: C:\projects\ecommerce-data-pipeline\data\raw
2025-11-07 01:55:12.231 | INFO     | __main__:generate_customers:125 - [1/3] Generating 10,000 customers...
2025-11-07 01:55:12.294 | INFO     | __main__:generate_customers:164 -   → Generated 2,000 customers...
2025-11-07 01:55:12.368 | INFO     | __main__:generate_customers:164 -   → Generated 4,000 customers...
2025-11-07 01:55:12.437 | INFO     | __main__:generate_customers:164 -   → Generated 6,000 customers...
2025-11-07 01:55:12.494 | INFO     | __main__:generate_customers:164 -   → Generated 8,000 customers...
2025-11-07 01:55:12.551 | INFO     | __main__:generate_customers:164 -   → Generated 10,000 customers...
2025-11-07 01:55:12.573 | INFO     | __main__:generate_customers:168 - ✓ Generated 10,000 customers
2025-11-07 01:55:12.574 | INFO     | __main__:generate_products:181 - [2/3] Generating 500 products...
2025-11-07 01:55:12.580 | INFO     | __main__:generate_products:260 - ✓ Generated 495 products
2025-11-07 01:55:12.581 | INFO     | __main__:generate_orders:273 - [3/3] Generating 50,000 orders...
2025-11-07 01:55:12.742 | INFO     | __main__:generate_orders:356 -   → Generated 5,000 orders...
2025-11-07 01:55:12.876 | INFO     | __main__:generate_orders:356 -   → Generated 10,000 orders...
2025-11-07 01:55:13.003 | INFO     | __main__:generate_orders:356 -   → Generated 15,000 orders...
2025-11-07 01:55:13.134 | INFO     | __main__:generate_orders:356 -   → Generated 20,000 orders...
2025-11-07 01:55:13.268 | INFO     | __main__:generate_orders:356 -   → Generated 25,000 orders...
2025-11-07 01:55:13.411 | INFO     | __main__:generate_orders:356 -   → Generated 30,000 orders...
2025-11-07 01:55:13.549 | INFO     | __main__:generate_orders:356 -   → Generated 35,000 orders...
2025-11-07 01:55:13.679 | INFO     | __main__:generate_orders:356 -   → Generated 40,000 orders...
2025-11-07 01:55:13.819 | INFO     | __main__:generate_orders:356 -   → Generated 45,000 orders...
2025-11-07 01:55:13.962 | INFO     | __main__:generate_orders:356 -   → Generated 50,000 orders...
2025-11-07 01:55:14.130 | INFO     | __main__:generate_orders:360 - ✓ Generated 50,000 orders
2025-11-07 01:55:14.139 | INFO     | __main__:save_to_csv:373 - Saving data to CSV files...
2025-11-07 01:55:14.221 | INFO     | __main__:save_to_csv:383 - ✓ Saved customers to C:\projects\ecommerce-data-pipeline\data\raw\customers.csv
2025-11-07 01:55:14.228 | INFO     | __main__:save_to_csv:388 - ✓ Saved products to C:\projects\ecommerce-data-pipeline\data\raw\products.csv
2025-11-07 01:55:14.551 | INFO     | __main__:save_to_csv:393 - ✓ Saved orders to C:\projects\ecommerce-data-pipeline\data\raw\orders.csv
2025-11-07 01:55:14.553 | INFO     | __main__:save_to_csv:397 - ✓ All data saved successfully
2025-11-07 01:55:14.553 | INFO     | __main__:main:426 - ============================================================
2025-11-07 01:55:14.554 | INFO     | __main__:main:427 - ✓ DATA GENERATION COMPLETE
2025-11-07 01:55:14.555 | INFO     | __main__:main:428 - ============================================================
2025-11-07 01:55:14.555 | INFO     | __main__:main:429 - Duration: 2.32 seconds
2025-11-07 01:55:14.556 | INFO     | __main__:main:430 - Total records: 60,495
2025-11-07 01:55:40.495 | INFO     | __main__:<module>:87 - ============================================================
2025-11-07 01:55:40.496 | INFO     | __main__:<module>:88 - E-COMMERCE DATA GENERATOR
2025-11-07 01:55:40.496 | INFO     | __main__:<module>:89 - ============================================================
2025-11-07 01:55:40.497 | INFO     | __main__:<module>:90 - Random Seed: 60740
2025-11-07 01:55:40.497 | INFO     | __main__:<module>:91 - Customer ID Offset: 400000
2025-11-07 01:55:40.497 | INFO     | __main__:<module>:92 - Product ID Offset: 0
2025-11-07 01:55:40.497 | INFO     | __main__:<module>:93 - Order ID Offset: 74000
2025-11-07 01:55:40.497 | INFO     | __main__:<module>:94 - Customers: 10,000
2025-11-07 01:55:40.498 | INFO     | __main__:<module>:95 - Products: 500
2025-11-07 01:55:40.498 | INFO     | __main__:<module>:96 - Orders: 50,000
2025-11-07 01:55:40.498 | INFO     | __main__:<module>:97 - Date Range: 2025-05-11 to 2025-11-07
2025-11-07 01:55:40.499 | INFO     | __main__:<module>:98 - Output: C:\projects\ecommerce-data-pipeline\data\raw
2025-11-07 01:55:40.501 | INFO     | __main__:generate_customers:125 - [1/3] Generating 10,000 customers...
2025-11-07 01:55:40.535 | INFO     | __main__:generate_customers:164 -   → Generated 2,000 customers...
2025-11-07 01:55:40.579 | INFO     | __main__:generate_customers:164 -   → Generated 4,000 customers...
2025-11-07 01:55:40.607 | INFO     | __main__:generate_customers:164 -   → Generated 6,000 customers...
2025-11-07 01:55:40.637 | INFO     | __main__:generate_customers:164 -   → Generated 8,000 customers...
2025-11-07 01:55:40.683 | INFO     | __main__:generate_customers:164 -   → Generated 10,000 customers...
2025-11-07 01:55:40.714 | INFO     | __main__:generate_customers:168 - ✓ Generated 10,000 customers
2025-11-07 01:55:40.717 | INFO     | __main__:generate_products:181 - [2/3] Generating 500 products...
2025-11-07 01:55:40.726 | INFO     | __main__:generate_products:260 - ✓ Generated 495 products
2025-11-07 01:55:40.727 | INFO     | __main__:generate_orders:273 - [3/3] Generating 50,000 orders...
2025-11-07 01:55:40.851 | INFO     | __main__:generate_orders:356 -   → Generated 5,000 orders...
2025-11-07 01:55:40.943 | INFO     | __main__:generate_orders:356 -   → Generated 10,000 orders...
2025-11-07 01:55:41.030 | INFO     | __main__:generate_orders:356 -   → Generated 15,000 orders...
2025-11-07 01:55:41.139 | INFO     | __main__:generate_orders:356 -   → Generated 20,000 orders...
2025-11-07 01:55:41.208 | INFO     | __main__:generate_orders:356 -   → Generated 25,000 orders...
2025-11-07 01:55:41.286 | INFO     | __main__:generate_orders:356 -   → Generated 30,000 orders...
2025-11-07 01:55:41.405 | INFO     | __main__:generate_orders:356 -   → Generated 35,000 orders...
2025-11-07 01:55:41.497 | INFO     | __main__:generate_orders:356 -   → Generated 40,000 orders...
2025-11-07 01:55:41.597 | INFO     | __main__:generate_orders:356 -   → Generated 45,000 orders...
2025-11-07 01:55:41.683 | INFO     | __main__:generate_orders:356 -   → Generated 50,000 orders...
2025-11-07 01:55:41.823 | INFO     | __main__:generate_orders:360 - ✓ Generated 50,000 orders
2025-11-07 01:55:41.829 | INFO     | __main__:save_to_csv:373 - Saving data to CSV files...
2025-11-07 01:55:41.902 | INFO     | __main__:save_to_csv:383 - ✓ Saved customers to C:\projects\ecommerce-data-pipeline\data\raw\customers.csv
2025-11-07 01:55:41.909 | INFO     | __main__:save_to_csv:388 - ✓ Saved products to C:\projects\ecommerce-data-pipeline\data\raw\products.csv
2025-11-07 01:55:42.223 | INFO     | __main__:save_to_csv:393 - ✓ Saved orders to C:\projects\ecommerce-data-pipeline\data\raw\orders.csv
2025-11-07 01:55:42.224 | INFO     | __main__:save_to_csv:397 - ✓ All data saved successfully
2025-11-07 01:55:42.225 | INFO     | __main__:main:426 - ============================================================
2025-11-07 01:55:42.226 | INFO     | __main__:main:427 - ✓ DATA GENERATION COMPLETE
2025-11-07 01:55:42.226 | INFO     | __main__:main:428 - ============================================================
2025-11-07 01:55:42.227 | INFO     | __main__:main:429 - Duration: 1.72 seconds
2025-11-07 01:55:42.228 | INFO     | __main__:main:430 - Total records: 60,495
