2025-11-07 00:23:13.400 | INFO     | __main__:main:187 - ============================================================
2025-11-07 00:23:13.401 | INFO     | __main__:main:188 - CSV TO POSTGRESQL DATA LOADER
2025-11-07 00:23:13.401 | INFO     | __main__:main:189 - ============================================================
2025-11-07 00:23:13.402 | INFO     | __main__:main:199 - [1/4] TRUNCATING EXISTING DATA
2025-11-07 00:23:14.452 | ERROR    | src.utils.db_connector:get_connection:54 - ✗ Database connection failed: could not translate host name "ecommerce-postgres" to address: Name or service not known

2025-11-07 00:23:14.453 | ERROR    | src.utils.db_connector:truncate_table:223 - ✗ Truncate failed: could not translate host name "ecommerce-postgres" to address: Name or service not known

2025-11-07 00:23:14.455 | ERROR    | __main__:main:259 - ✗ Data load failed: could not translate host name "ecommerce-postgres" to address: Name or service not known

2025-11-07 00:23:56.287 | INFO     | __main__:main:187 - ============================================================
2025-11-07 00:23:56.287 | INFO     | __main__:main:188 - CSV TO POSTGRESQL DATA LOADER
2025-11-07 00:23:56.287 | INFO     | __main__:main:189 - ============================================================
2025-11-07 00:23:56.289 | INFO     | __main__:main:199 - [1/4] TRUNCATING EXISTING DATA
2025-11-07 00:23:57.312 | ERROR    | src.utils.db_connector:get_connection:54 - ✗ Database connection failed: could not translate host name "ecommerce-postgres" to address: Name or service not known

2025-11-07 00:23:57.313 | ERROR    | src.utils.db_connector:truncate_table:223 - ✗ Truncate failed: could not translate host name "ecommerce-postgres" to address: Name or service not known

2025-11-07 00:23:57.314 | ERROR    | __main__:main:259 - ✗ Data load failed: could not translate host name "ecommerce-postgres" to address: Name or service not known

2025-11-07 00:27:08.158 | INFO     | __main__:main:187 - ============================================================
2025-11-07 00:27:08.159 | INFO     | __main__:main:188 - CSV TO POSTGRESQL DATA LOADER
2025-11-07 00:27:08.159 | INFO     | __main__:main:189 - ============================================================
2025-11-07 00:27:08.161 | INFO     | __main__:main:199 - [1/4] TRUNCATING EXISTING DATA
2025-11-07 00:27:08.239 | INFO     | src.utils.db_connector:get_connection:49 - ✓ Connected to ecommerce_db@localhost
2025-11-07 00:27:08.330 | INFO     | src.utils.db_connector:truncate_table:219 - ✓ Truncated orders
2025-11-07 00:27:08.363 | INFO     | src.utils.db_connector:get_connection:49 - ✓ Connected to ecommerce_db@localhost
2025-11-07 00:27:08.447 | INFO     | src.utils.db_connector:truncate_table:219 - ✓ Truncated products
2025-11-07 00:27:08.478 | INFO     | src.utils.db_connector:get_connection:49 - ✓ Connected to ecommerce_db@localhost
2025-11-07 00:27:08.574 | INFO     | src.utils.db_connector:truncate_table:219 - ✓ Truncated customers
2025-11-07 00:27:08.575 | INFO     | __main__:main:207 - [2/4] LOADING CUSTOMERS
2025-11-07 00:27:08.577 | INFO     | __main__:load_csv_to_table:68 - 📂 Reading CSV file: C:\projects\ecommerce-data-pipeline\data\raw\customers.csv
2025-11-07 00:27:08.663 | INFO     | __main__:load_csv_to_table:73 - ✓ Loaded 10,000 rows from CSV
2025-11-07 00:27:08.695 | INFO     | src.utils.db_connector:get_connection:49 - ✓ Connected to ecommerce_db@localhost
2025-11-07 00:27:08.696 | INFO     | __main__:load_csv_to_table:90 - → Inserting data in batches of 1000...
2025-11-07 00:27:17.880 | INFO     | __main__:load_csv_to_table:103 - → Inserted 5,000 / 10,000 rows (50.0%)
2025-11-07 00:27:28.409 | INFO     | __main__:load_csv_to_table:103 - → Inserted 10,000 / 10,000 rows (100.0%)
2025-11-07 00:27:28.411 | INFO     | __main__:load_csv_to_table:111 - ✓ Successfully loaded 10,000 rows into customers
2025-11-07 00:27:28.413 | INFO     | __main__:main:215 - [3/4] LOADING PRODUCTS
2025-11-07 00:27:28.414 | INFO     | __main__:load_csv_to_table:68 - 📂 Reading CSV file: C:\projects\ecommerce-data-pipeline\data\raw\products.csv
2025-11-07 00:27:28.435 | INFO     | __main__:load_csv_to_table:73 - ✓ Loaded 495 rows from CSV
2025-11-07 00:27:28.475 | INFO     | src.utils.db_connector:get_connection:49 - ✓ Connected to ecommerce_db@localhost
2025-11-07 00:27:28.476 | INFO     | __main__:load_csv_to_table:90 - → Inserting data in batches of 1000...
2025-11-07 00:27:29.414 | INFO     | __main__:load_csv_to_table:103 - → Inserted 495 / 495 rows (100.0%)
2025-11-07 00:27:29.416 | INFO     | __main__:load_csv_to_table:111 - ✓ Successfully loaded 495 rows into products
2025-11-07 00:27:29.417 | INFO     | __main__:main:223 - [4/4] LOADING ORDERS
2025-11-07 00:27:29.419 | INFO     | __main__:load_csv_to_table:68 - 📂 Reading CSV file: C:\projects\ecommerce-data-pipeline\data\raw\orders.csv
2025-11-07 00:27:29.553 | INFO     | __main__:load_csv_to_table:73 - ✓ Loaded 50,000 rows from CSV
2025-11-07 00:27:29.590 | INFO     | src.utils.db_connector:get_connection:49 - ✓ Connected to ecommerce_db@localhost
2025-11-07 00:27:29.591 | INFO     | __main__:load_csv_to_table:90 - → Inserting data in batches of 1000...
2025-11-07 00:27:40.678 | INFO     | __main__:load_csv_to_table:103 - → Inserted 5,000 / 50,000 rows (10.0%)
2025-11-07 00:27:50.802 | INFO     | __main__:load_csv_to_table:103 - → Inserted 10,000 / 50,000 rows (20.0%)
2025-11-07 00:28:02.080 | INFO     | __main__:load_csv_to_table:103 - → Inserted 15,000 / 50,000 rows (30.0%)
2025-11-07 00:28:14.732 | INFO     | __main__:load_csv_to_table:103 - → Inserted 20,000 / 50,000 rows (40.0%)
2025-11-07 00:28:26.168 | INFO     | __main__:load_csv_to_table:103 - → Inserted 25,000 / 50,000 rows (50.0%)
2025-11-07 00:28:36.905 | INFO     | __main__:load_csv_to_table:103 - → Inserted 30,000 / 50,000 rows (60.0%)
2025-11-07 00:28:47.970 | INFO     | __main__:load_csv_to_table:103 - → Inserted 35,000 / 50,000 rows (70.0%)
2025-11-07 00:28:58.476 | INFO     | __main__:load_csv_to_table:103 - → Inserted 40,000 / 50,000 rows (80.0%)
2025-11-07 00:29:10.313 | INFO     | __main__:load_csv_to_table:103 - → Inserted 45,000 / 50,000 rows (90.0%)
2025-11-07 00:29:21.524 | INFO     | __main__:load_csv_to_table:103 - → Inserted 50,000 / 50,000 rows (100.0%)
2025-11-07 00:29:21.525 | INFO     | __main__:load_csv_to_table:111 - ✓ Successfully loaded 50,000 rows into orders
2025-11-07 00:29:21.527 | INFO     | __main__:verify_data_load:126 - ============================================================
2025-11-07 00:29:21.528 | INFO     | __main__:verify_data_load:127 - DATA VERIFICATION
2025-11-07 00:29:21.563 | INFO     | src.utils.db_connector:get_connection:49 - ✓ Connected to ecommerce_db@localhost
2025-11-07 00:29:21.579 | INFO     | __main__:verify_data_load:135 - customers       : 10,000 rows
2025-11-07 00:29:21.619 | INFO     | src.utils.db_connector:get_connection:49 - ✓ Connected to ecommerce_db@localhost
2025-11-07 00:29:21.626 | INFO     | __main__:verify_data_load:135 - products        : 495 rows
2025-11-07 00:29:21.671 | INFO     | src.utils.db_connector:get_connection:49 - ✓ Connected to ecommerce_db@localhost
2025-11-07 00:29:21.685 | INFO     | __main__:verify_data_load:135 - orders          : 50,000 rows
2025-11-07 00:29:21.687 | INFO     | __main__:verify_data_load:139 - 🔗 Checking foreign key relationships...
2025-11-07 00:29:21.726 | INFO     | src.utils.db_connector:get_connection:49 - ✓ Connected to ecommerce_db@localhost
2025-11-07 00:29:21.766 | INFO     | __main__:verify_data_load:163 - ✓ All foreign key relationships are valid
2025-11-07 00:29:21.803 | INFO     | src.utils.db_connector:get_connection:49 - ✓ Connected to ecommerce_db@localhost
2025-11-07 00:29:21.852 | INFO     | src.utils.db_connector:get_connection:49 - ✓ Connected to ecommerce_db@localhost
2025-11-07 00:29:21.891 | INFO     | src.utils.db_connector:get_connection:49 - ✓ Connected to ecommerce_db@localhost
2025-11-07 00:29:21.903 | INFO     | __main__:main:240 - ============================================================
2025-11-07 00:29:21.905 | INFO     | __main__:main:241 - ✓ DATA LOAD COMPLETE!
2025-11-07 00:29:21.905 | INFO     | __main__:main:242 - ============================================================
2025-11-07 00:29:21.906 | INFO     | __main__:main:243 - End time: 2025-11-07 00:29:21
2025-11-07 00:29:21.906 | INFO     | __main__:main:244 - Duration: 133.61 seconds
2025-11-07 00:29:21.907 | INFO     | __main__:main:245 - Records loaded: 60,495
